2023-12-15 18:04:56,149 - root - INFO - Namespace(KG_embedding_type='TransE', Ks='[5, 10]', cf_batch_size=1024, cf_l2loss_lambda=0.0001, cuda=False, data_dir='data/', data_name='Douban', embed_dim=32, evaluate_every=10, gpu_id=0, kg_batch_size=2048, kg_l2loss_lambda=0.0001, lr=0.001, n_epoch=1000, pretrain_model_path='trained_model/Embedding_based.pth', print_every=1, relation_dim=32, save_dir='trained_model/Douban/Embedding_based/dim32_lr0.001_l20.0001_TransE/', seed=2022, stopping_steps=10, test_batch_size=2048, use_pretrain=0)
2023-12-15 18:05:00,335 - root - INFO - n_users:      447
2023-12-15 18:05:00,336 - root - INFO - n_items:      578
2023-12-15 18:05:00,336 - root - INFO - n_entities:   1899
2023-12-15 18:05:00,336 - root - INFO - n_relations:  115
2023-12-15 18:05:00,336 - root - INFO - n_cf_train:   41830
2023-12-15 18:05:00,336 - root - INFO - n_cf_test:    10840
2023-12-15 18:05:00,336 - root - INFO - n_kg_data:    85402
2023-12-15 18:05:00,340 - root - INFO - Embedding_based(
  (user_embed): Embedding(447, 32)
  (item_embed): Embedding(578, 32)
  (entity_embed): Embedding(1899, 32)
  (relation_embed): Embedding(115, 32)
)
2023-12-15 18:05:00,469 - root - INFO - KG & CF Training: Epoch 0001 Iter 0001 / 0041 | Time 0.1s | Iter Loss 1.4300 | Iter Mean Loss 1.4300
2023-12-15 18:05:00,659 - root - INFO - KG & CF Training: Epoch 0001 Iter 0002 / 0041 | Time 0.2s | Iter Loss 1.4062 | Iter Mean Loss 1.4181
2023-12-15 18:05:00,846 - root - INFO - KG & CF Training: Epoch 0001 Iter 0003 / 0041 | Time 0.2s | Iter Loss 1.3848 | Iter Mean Loss 1.4070
2023-12-15 18:05:01,035 - root - INFO - KG & CF Training: Epoch 0001 Iter 0004 / 0041 | Time 0.2s | Iter Loss 1.3773 | Iter Mean Loss 1.3996
2023-12-15 18:05:01,223 - root - INFO - KG & CF Training: Epoch 0001 Iter 0005 / 0041 | Time 0.2s | Iter Loss 1.3534 | Iter Mean Loss 1.3904
2023-12-15 18:05:01,412 - root - INFO - KG & CF Training: Epoch 0001 Iter 0006 / 0041 | Time 0.2s | Iter Loss 1.3250 | Iter Mean Loss 1.3795
2023-12-15 18:05:01,605 - root - INFO - KG & CF Training: Epoch 0001 Iter 0007 / 0041 | Time 0.2s | Iter Loss 1.3225 | Iter Mean Loss 1.3713
2023-12-15 18:05:01,794 - root - INFO - KG & CF Training: Epoch 0001 Iter 0008 / 0041 | Time 0.2s | Iter Loss 1.2961 | Iter Mean Loss 1.3619
2023-12-15 18:05:01,982 - root - INFO - KG & CF Training: Epoch 0001 Iter 0009 / 0041 | Time 0.2s | Iter Loss 1.2810 | Iter Mean Loss 1.3529
2023-12-15 18:05:02,169 - root - INFO - KG & CF Training: Epoch 0001 Iter 0010 / 0041 | Time 0.2s | Iter Loss 1.2648 | Iter Mean Loss 1.3441
2023-12-15 18:05:02,357 - root - INFO - KG & CF Training: Epoch 0001 Iter 0011 / 0041 | Time 0.2s | Iter Loss 1.2502 | Iter Mean Loss 1.3356
2023-12-15 18:05:02,553 - root - INFO - KG & CF Training: Epoch 0001 Iter 0012 / 0041 | Time 0.2s | Iter Loss 1.2429 | Iter Mean Loss 1.3279
2023-12-15 18:05:02,738 - root - INFO - KG & CF Training: Epoch 0001 Iter 0013 / 0041 | Time 0.2s | Iter Loss 1.2227 | Iter Mean Loss 1.3198
2023-12-15 18:05:02,923 - root - INFO - KG & CF Training: Epoch 0001 Iter 0014 / 0041 | Time 0.2s | Iter Loss 1.1919 | Iter Mean Loss 1.3106
2023-12-15 18:05:03,109 - root - INFO - KG & CF Training: Epoch 0001 Iter 0015 / 0041 | Time 0.2s | Iter Loss 1.1917 | Iter Mean Loss 1.3027
2023-12-15 18:05:03,295 - root - INFO - KG & CF Training: Epoch 0001 Iter 0016 / 0041 | Time 0.2s | Iter Loss 1.1758 | Iter Mean Loss 1.2948
2023-12-15 18:05:03,481 - root - INFO - KG & CF Training: Epoch 0001 Iter 0017 / 0041 | Time 0.2s | Iter Loss 1.1602 | Iter Mean Loss 1.2869
2023-12-15 18:05:03,664 - root - INFO - KG & CF Training: Epoch 0001 Iter 0018 / 0041 | Time 0.2s | Iter Loss 1.1491 | Iter Mean Loss 1.2792
2023-12-15 18:05:03,847 - root - INFO - KG & CF Training: Epoch 0001 Iter 0019 / 0041 | Time 0.2s | Iter Loss 1.1364 | Iter Mean Loss 1.2717
2023-12-15 18:05:04,031 - root - INFO - KG & CF Training: Epoch 0001 Iter 0020 / 0041 | Time 0.2s | Iter Loss 1.1266 | Iter Mean Loss 1.2644
2023-12-15 18:05:04,216 - root - INFO - KG & CF Training: Epoch 0001 Iter 0021 / 0041 | Time 0.2s | Iter Loss 1.1235 | Iter Mean Loss 1.2577
2023-12-15 18:05:04,401 - root - INFO - KG & CF Training: Epoch 0001 Iter 0022 / 0041 | Time 0.2s | Iter Loss 1.1037 | Iter Mean Loss 1.2507
2023-12-15 18:05:04,587 - root - INFO - KG & CF Training: Epoch 0001 Iter 0023 / 0041 | Time 0.2s | Iter Loss 1.0894 | Iter Mean Loss 1.2437
2023-12-15 18:05:04,777 - root - INFO - KG & CF Training: Epoch 0001 Iter 0024 / 0041 | Time 0.2s | Iter Loss 1.0847 | Iter Mean Loss 1.2371
2023-12-15 18:05:04,964 - root - INFO - KG & CF Training: Epoch 0001 Iter 0025 / 0041 | Time 0.2s | Iter Loss 1.0776 | Iter Mean Loss 1.2307
2023-12-15 18:05:05,152 - root - INFO - KG & CF Training: Epoch 0001 Iter 0026 / 0041 | Time 0.2s | Iter Loss 1.0661 | Iter Mean Loss 1.2244
2023-12-15 18:05:05,338 - root - INFO - KG & CF Training: Epoch 0001 Iter 0027 / 0041 | Time 0.2s | Iter Loss 1.0629 | Iter Mean Loss 1.2184
2023-12-15 18:05:05,524 - root - INFO - KG & CF Training: Epoch 0001 Iter 0028 / 0041 | Time 0.2s | Iter Loss 1.0417 | Iter Mean Loss 1.2121
2023-12-15 18:05:05,712 - root - INFO - KG & CF Training: Epoch 0001 Iter 0029 / 0041 | Time 0.2s | Iter Loss 1.0363 | Iter Mean Loss 1.2060
2023-12-15 18:05:05,911 - root - INFO - KG & CF Training: Epoch 0001 Iter 0030 / 0041 | Time 0.2s | Iter Loss 1.0171 | Iter Mean Loss 1.1997
2023-12-15 18:05:06,100 - root - INFO - KG & CF Training: Epoch 0001 Iter 0031 / 0041 | Time 0.2s | Iter Loss 1.0119 | Iter Mean Loss 1.1937
2023-12-15 18:05:06,286 - root - INFO - KG & CF Training: Epoch 0001 Iter 0032 / 0041 | Time 0.2s | Iter Loss 1.0049 | Iter Mean Loss 1.1878
2023-12-15 18:05:06,473 - root - INFO - KG & CF Training: Epoch 0001 Iter 0033 / 0041 | Time 0.2s | Iter Loss 1.0049 | Iter Mean Loss 1.1822
2023-12-15 18:05:06,659 - root - INFO - KG & CF Training: Epoch 0001 Iter 0034 / 0041 | Time 0.2s | Iter Loss 0.9852 | Iter Mean Loss 1.1764
2023-12-15 18:05:06,845 - root - INFO - KG & CF Training: Epoch 0001 Iter 0035 / 0041 | Time 0.2s | Iter Loss 0.9936 | Iter Mean Loss 1.1712
2023-12-15 18:05:07,033 - root - INFO - KG & CF Training: Epoch 0001 Iter 0036 / 0041 | Time 0.2s | Iter Loss 0.9832 | Iter Mean Loss 1.1660
2023-12-15 18:05:07,219 - root - INFO - KG & CF Training: Epoch 0001 Iter 0037 / 0041 | Time 0.2s | Iter Loss 0.9686 | Iter Mean Loss 1.1606
2023-12-15 18:05:07,405 - root - INFO - KG & CF Training: Epoch 0001 Iter 0038 / 0041 | Time 0.2s | Iter Loss 0.9615 | Iter Mean Loss 1.1554
2023-12-15 18:05:07,589 - root - INFO - KG & CF Training: Epoch 0001 Iter 0039 / 0041 | Time 0.2s | Iter Loss 0.9601 | Iter Mean Loss 1.1504
2023-12-15 18:05:07,774 - root - INFO - KG & CF Training: Epoch 0001 Iter 0040 / 0041 | Time 0.2s | Iter Loss 0.9524 | Iter Mean Loss 1.1455
2023-12-15 18:05:07,959 - root - INFO - KG & CF Training: Epoch 0001 Iter 0041 / 0041 | Time 0.2s | Iter Loss 0.9430 | Iter Mean Loss 1.1405
2023-12-15 18:05:07,959 - root - INFO - KG & CF Training: Epoch 0001 Total Iter 0041 | Total Time 7.6s | Iter Mean Loss 1.1405
2023-12-15 18:05:08,146 - root - INFO - KG & CF Training: Epoch 0002 Iter 0001 / 0041 | Time 0.2s | Iter Loss 0.9434 | Iter Mean Loss 0.9434
2023-12-15 18:05:08,337 - root - INFO - KG & CF Training: Epoch 0002 Iter 0002 / 0041 | Time 0.2s | Iter Loss 0.9323 | Iter Mean Loss 0.9378
2023-12-15 18:05:08,531 - root - INFO - KG & CF Training: Epoch 0002 Iter 0003 / 0041 | Time 0.2s | Iter Loss 0.9287 | Iter Mean Loss 0.9348
2023-12-15 18:05:08,720 - root - INFO - KG & CF Training: Epoch 0002 Iter 0004 / 0041 | Time 0.2s | Iter Loss 0.9268 | Iter Mean Loss 0.9328
2023-12-15 18:05:08,906 - root - INFO - KG & CF Training: Epoch 0002 Iter 0005 / 0041 | Time 0.2s | Iter Loss 0.9250 | Iter Mean Loss 0.9313
2023-12-15 18:05:09,091 - root - INFO - KG & CF Training: Epoch 0002 Iter 0006 / 0041 | Time 0.2s | Iter Loss 0.9020 | Iter Mean Loss 0.9264
2023-12-15 18:05:09,275 - root - INFO - KG & CF Training: Epoch 0002 Iter 0007 / 0041 | Time 0.2s | Iter Loss 0.9022 | Iter Mean Loss 0.9229
2023-12-15 18:05:09,459 - root - INFO - KG & CF Training: Epoch 0002 Iter 0008 / 0041 | Time 0.2s | Iter Loss 0.9124 | Iter Mean Loss 0.9216
2023-12-15 18:05:09,646 - root - INFO - KG & CF Training: Epoch 0002 Iter 0009 / 0041 | Time 0.2s | Iter Loss 0.8996 | Iter Mean Loss 0.9192
2023-12-15 18:05:09,837 - root - INFO - KG & CF Training: Epoch 0002 Iter 0010 / 0041 | Time 0.2s | Iter Loss 0.8973 | Iter Mean Loss 0.9170
2023-12-15 18:05:10,024 - root - INFO - KG & CF Training: Epoch 0002 Iter 0011 / 0041 | Time 0.2s | Iter Loss 0.8967 | Iter Mean Loss 0.9151
2023-12-15 18:05:10,210 - root - INFO - KG & CF Training: Epoch 0002 Iter 0012 / 0041 | Time 0.2s | Iter Loss 0.8843 | Iter Mean Loss 0.9126
2023-12-15 18:05:10,396 - root - INFO - KG & CF Training: Epoch 0002 Iter 0013 / 0041 | Time 0.2s | Iter Loss 0.8949 | Iter Mean Loss 0.9112
2023-12-15 18:05:10,581 - root - INFO - KG & CF Training: Epoch 0002 Iter 0014 / 0041 | Time 0.2s | Iter Loss 0.8884 | Iter Mean Loss 0.9096
2023-12-15 18:05:10,767 - root - INFO - KG & CF Training: Epoch 0002 Iter 0015 / 0041 | Time 0.2s | Iter Loss 0.8836 | Iter Mean Loss 0.9078
2023-12-15 18:05:10,949 - root - INFO - KG & CF Training: Epoch 0002 Iter 0016 / 0041 | Time 0.2s | Iter Loss 0.8744 | Iter Mean Loss 0.9058
2023-12-15 18:05:11,134 - root - INFO - KG & CF Training: Epoch 0002 Iter 0017 / 0041 | Time 0.2s | Iter Loss 0.8793 | Iter Mean Loss 0.9042
2023-12-15 18:05:11,324 - root - INFO - KG & CF Training: Epoch 0002 Iter 0018 / 0041 | Time 0.2s | Iter Loss 0.8659 | Iter Mean Loss 0.9021
2023-12-15 18:05:11,513 - root - INFO - KG & CF Training: Epoch 0002 Iter 0019 / 0041 | Time 0.2s | Iter Loss 0.8634 | Iter Mean Loss 0.9000
2023-12-15 18:05:11,699 - root - INFO - KG & CF Training: Epoch 0002 Iter 0020 / 0041 | Time 0.2s | Iter Loss 0.8714 | Iter Mean Loss 0.8986
2023-12-15 18:05:11,885 - root - INFO - KG & CF Training: Epoch 0002 Iter 0021 / 0041 | Time 0.2s | Iter Loss 0.8689 | Iter Mean Loss 0.8972
2023-12-15 18:05:12,071 - root - INFO - KG & CF Training: Epoch 0002 Iter 0022 / 0041 | Time 0.2s | Iter Loss 0.8586 | Iter Mean Loss 0.8954
2023-12-15 18:05:12,257 - root - INFO - KG & CF Training: Epoch 0002 Iter 0023 / 0041 | Time 0.2s | Iter Loss 0.8519 | Iter Mean Loss 0.8935
2023-12-15 18:05:12,445 - root - INFO - KG & CF Training: Epoch 0002 Iter 0024 / 0041 | Time 0.2s | Iter Loss 0.8637 | Iter Mean Loss 0.8923
2023-12-15 18:05:12,630 - root - INFO - KG & CF Training: Epoch 0002 Iter 0025 / 0041 | Time 0.2s | Iter Loss 0.8429 | Iter Mean Loss 0.8903
2023-12-15 18:05:12,815 - root - INFO - KG & CF Training: Epoch 0002 Iter 0026 / 0041 | Time 0.2s | Iter Loss 0.8504 | Iter Mean Loss 0.8888
2023-12-15 18:05:13,001 - root - INFO - KG & CF Training: Epoch 0002 Iter 0027 / 0041 | Time 0.2s | Iter Loss 0.8538 | Iter Mean Loss 0.8875
2023-12-15 18:05:13,185 - root - INFO - KG & CF Training: Epoch 0002 Iter 0028 / 0041 | Time 0.2s | Iter Loss 0.8491 | Iter Mean Loss 0.8861
2023-12-15 18:05:13,370 - root - INFO - KG & CF Training: Epoch 0002 Iter 0029 / 0041 | Time 0.2s | Iter Loss 0.8367 | Iter Mean Loss 0.8844
2023-12-15 18:05:13,555 - root - INFO - KG & CF Training: Epoch 0002 Iter 0030 / 0041 | Time 0.2s | Iter Loss 0.8297 | Iter Mean Loss 0.8826
2023-12-15 18:05:13,741 - root - INFO - KG & CF Training: Epoch 0002 Iter 0031 / 0041 | Time 0.2s | Iter Loss 0.8393 | Iter Mean Loss 0.8812
2023-12-15 18:05:13,925 - root - INFO - KG & CF Training: Epoch 0002 Iter 0032 / 0041 | Time 0.2s | Iter Loss 0.8297 | Iter Mean Loss 0.8796
2023-12-15 18:05:14,112 - root - INFO - KG & CF Training: Epoch 0002 Iter 0033 / 0041 | Time 0.2s | Iter Loss 0.8330 | Iter Mean Loss 0.8782
2023-12-15 18:05:14,300 - root - INFO - KG & CF Training: Epoch 0002 Iter 0034 / 0041 | Time 0.2s | Iter Loss 0.8245 | Iter Mean Loss 0.8766
2023-12-15 18:05:14,488 - root - INFO - KG & CF Training: Epoch 0002 Iter 0035 / 0041 | Time 0.2s | Iter Loss 0.8229 | Iter Mean Loss 0.8751
2023-12-15 18:05:14,672 - root - INFO - KG & CF Training: Epoch 0002 Iter 0036 / 0041 | Time 0.2s | Iter Loss 0.8347 | Iter Mean Loss 0.8739
2023-12-15 18:05:14,857 - root - INFO - KG & CF Training: Epoch 0002 Iter 0037 / 0041 | Time 0.2s | Iter Loss 0.8262 | Iter Mean Loss 0.8727
2023-12-15 18:05:15,043 - root - INFO - KG & CF Training: Epoch 0002 Iter 0038 / 0041 | Time 0.2s | Iter Loss 0.8331 | Iter Mean Loss 0.8716
2023-12-15 18:05:15,228 - root - INFO - KG & CF Training: Epoch 0002 Iter 0039 / 0041 | Time 0.2s | Iter Loss 0.8234 | Iter Mean Loss 0.8704
2023-12-15 18:05:15,413 - root - INFO - KG & CF Training: Epoch 0002 Iter 0040 / 0041 | Time 0.2s | Iter Loss 0.8230 | Iter Mean Loss 0.8692
2023-12-15 18:05:15,598 - root - INFO - KG & CF Training: Epoch 0002 Iter 0041 / 0041 | Time 0.2s | Iter Loss 0.8252 | Iter Mean Loss 0.8681
2023-12-15 18:05:15,598 - root - INFO - KG & CF Training: Epoch 0002 Total Iter 0041 | Total Time 7.6s | Iter Mean Loss 0.8681
2023-12-15 18:05:15,781 - root - INFO - KG & CF Training: Epoch 0003 Iter 0001 / 0041 | Time 0.2s | Iter Loss 0.8276 | Iter Mean Loss 0.8276
2023-12-15 18:05:15,967 - root - INFO - KG & CF Training: Epoch 0003 Iter 0002 / 0041 | Time 0.2s | Iter Loss 0.8169 | Iter Mean Loss 0.8223
2023-12-15 18:05:16,153 - root - INFO - KG & CF Training: Epoch 0003 Iter 0003 / 0041 | Time 0.2s | Iter Loss 0.8222 | Iter Mean Loss 0.8223
2023-12-15 18:05:16,344 - root - INFO - KG & CF Training: Epoch 0003 Iter 0004 / 0041 | Time 0.2s | Iter Loss 0.8207 | Iter Mean Loss 0.8219
2023-12-15 18:05:16,530 - root - INFO - KG & CF Training: Epoch 0003 Iter 0005 / 0041 | Time 0.2s | Iter Loss 0.8131 | Iter Mean Loss 0.8201
2023-12-15 18:05:16,716 - root - INFO - KG & CF Training: Epoch 0003 Iter 0006 / 0041 | Time 0.2s | Iter Loss 0.8182 | Iter Mean Loss 0.8198
2023-12-15 18:05:16,905 - root - INFO - KG & CF Training: Epoch 0003 Iter 0007 / 0041 | Time 0.2s | Iter Loss 0.8210 | Iter Mean Loss 0.8200
2023-12-15 18:05:17,091 - root - INFO - KG & CF Training: Epoch 0003 Iter 0008 / 0041 | Time 0.2s | Iter Loss 0.8120 | Iter Mean Loss 0.8190
2023-12-15 18:05:17,278 - root - INFO - KG & CF Training: Epoch 0003 Iter 0009 / 0041 | Time 0.2s | Iter Loss 0.8103 | Iter Mean Loss 0.8180
2023-12-15 18:05:17,464 - root - INFO - KG & CF Training: Epoch 0003 Iter 0010 / 0041 | Time 0.2s | Iter Loss 0.8138 | Iter Mean Loss 0.8176
2023-12-15 18:05:17,648 - root - INFO - KG & CF Training: Epoch 0003 Iter 0011 / 0041 | Time 0.2s | Iter Loss 0.8080 | Iter Mean Loss 0.8167
2023-12-15 18:05:17,847 - root - INFO - KG & CF Training: Epoch 0003 Iter 0012 / 0041 | Time 0.2s | Iter Loss 0.8083 | Iter Mean Loss 0.8160
2023-12-15 18:05:18,034 - root - INFO - KG & CF Training: Epoch 0003 Iter 0013 / 0041 | Time 0.2s | Iter Loss 0.8071 | Iter Mean Loss 0.8153
2023-12-15 18:05:18,221 - root - INFO - KG & CF Training: Epoch 0003 Iter 0014 / 0041 | Time 0.2s | Iter Loss 0.8120 | Iter Mean Loss 0.8151
2023-12-15 18:05:18,407 - root - INFO - KG & CF Training: Epoch 0003 Iter 0015 / 0041 | Time 0.2s | Iter Loss 0.8046 | Iter Mean Loss 0.8144
2023-12-15 18:05:18,597 - root - INFO - KG & CF Training: Epoch 0003 Iter 0016 / 0041 | Time 0.2s | Iter Loss 0.8060 | Iter Mean Loss 0.8139
2023-12-15 18:05:18,783 - root - INFO - KG & CF Training: Epoch 0003 Iter 0017 / 0041 | Time 0.2s | Iter Loss 0.8079 | Iter Mean Loss 0.8135
2023-12-15 18:05:18,969 - root - INFO - KG & CF Training: Epoch 0003 Iter 0018 / 0041 | Time 0.2s | Iter Loss 0.8074 | Iter Mean Loss 0.8132
2023-12-15 18:05:19,152 - root - INFO - KG & CF Training: Epoch 0003 Iter 0019 / 0041 | Time 0.2s | Iter Loss 0.7961 | Iter Mean Loss 0.8123
2023-12-15 18:05:19,339 - root - INFO - KG & CF Training: Epoch 0003 Iter 0020 / 0041 | Time 0.2s | Iter Loss 0.8035 | Iter Mean Loss 0.8118
2023-12-15 18:05:19,525 - root - INFO - KG & CF Training: Epoch 0003 Iter 0021 / 0041 | Time 0.2s | Iter Loss 0.8102 | Iter Mean Loss 0.8118
2023-12-15 18:05:19,712 - root - INFO - KG & CF Training: Epoch 0003 Iter 0022 / 0041 | Time 0.2s | Iter Loss 0.7923 | Iter Mean Loss 0.8109
2023-12-15 18:05:19,897 - root - INFO - KG & CF Training: Epoch 0003 Iter 0023 / 0041 | Time 0.2s | Iter Loss 0.8029 | Iter Mean Loss 0.8105
2023-12-15 18:05:20,080 - root - INFO - KG & CF Training: Epoch 0003 Iter 0024 / 0041 | Time 0.2s | Iter Loss 0.7959 | Iter Mean Loss 0.8099
2023-12-15 18:05:20,265 - root - INFO - KG & CF Training: Epoch 0003 Iter 0025 / 0041 | Time 0.2s | Iter Loss 0.8001 | Iter Mean Loss 0.8095
2023-12-15 18:05:20,451 - root - INFO - KG & CF Training: Epoch 0003 Iter 0026 / 0041 | Time 0.2s | Iter Loss 0.7983 | Iter Mean Loss 0.8091
2023-12-15 18:05:20,635 - root - INFO - KG & CF Training: Epoch 0003 Iter 0027 / 0041 | Time 0.2s | Iter Loss 0.7911 | Iter Mean Loss 0.8084
2023-12-15 18:05:20,819 - root - INFO - KG & CF Training: Epoch 0003 Iter 0028 / 0041 | Time 0.2s | Iter Loss 0.7912 | Iter Mean Loss 0.8078
2023-12-15 18:05:21,004 - root - INFO - KG & CF Training: Epoch 0003 Iter 0029 / 0041 | Time 0.2s | Iter Loss 0.7907 | Iter Mean Loss 0.8072
2023-12-15 18:05:21,190 - root - INFO - KG & CF Training: Epoch 0003 Iter 0030 / 0041 | Time 0.2s | Iter Loss 0.7989 | Iter Mean Loss 0.8069
2023-12-15 18:05:21,378 - root - INFO - KG & CF Training: Epoch 0003 Iter 0031 / 0041 | Time 0.2s | Iter Loss 0.7914 | Iter Mean Loss 0.8064
2023-12-15 18:05:21,564 - root - INFO - KG & CF Training: Epoch 0003 Iter 0032 / 0041 | Time 0.2s | Iter Loss 0.7990 | Iter Mean Loss 0.8062
2023-12-15 18:05:21,749 - root - INFO - KG & CF Training: Epoch 0003 Iter 0033 / 0041 | Time 0.2s | Iter Loss 0.7944 | Iter Mean Loss 0.8059
2023-12-15 18:05:21,935 - root - INFO - KG & CF Training: Epoch 0003 Iter 0034 / 0041 | Time 0.2s | Iter Loss 0.7938 | Iter Mean Loss 0.8055
2023-12-15 18:05:22,121 - root - INFO - KG & CF Training: Epoch 0003 Iter 0035 / 0041 | Time 0.2s | Iter Loss 0.8001 | Iter Mean Loss 0.8053
2023-12-15 18:05:22,307 - root - INFO - KG & CF Training: Epoch 0003 Iter 0036 / 0041 | Time 0.2s | Iter Loss 0.7927 | Iter Mean Loss 0.8050
2023-12-15 18:05:22,496 - root - INFO - KG & CF Training: Epoch 0003 Iter 0037 / 0041 | Time 0.2s | Iter Loss 0.8052 | Iter Mean Loss 0.8050
2023-12-15 18:05:22,685 - root - INFO - KG & CF Training: Epoch 0003 Iter 0038 / 0041 | Time 0.2s | Iter Loss 0.7951 | Iter Mean Loss 0.8047
2023-12-15 18:05:22,870 - root - INFO - KG & CF Training: Epoch 0003 Iter 0039 / 0041 | Time 0.2s | Iter Loss 0.7908 | Iter Mean Loss 0.8044
2023-12-15 18:05:23,056 - root - INFO - KG & CF Training: Epoch 0003 Iter 0040 / 0041 | Time 0.2s | Iter Loss 0.7945 | Iter Mean Loss 0.8041
2023-12-15 18:05:23,241 - root - INFO - KG & CF Training: Epoch 0003 Iter 0041 / 0041 | Time 0.2s | Iter Loss 0.7895 | Iter Mean Loss 0.8038
2023-12-15 18:05:23,241 - root - INFO - KG & CF Training: Epoch 0003 Total Iter 0041 | Total Time 7.6s | Iter Mean Loss 0.8038
2023-12-15 18:05:23,429 - root - INFO - KG & CF Training: Epoch 0004 Iter 0001 / 0041 | Time 0.2s | Iter Loss 0.7918 | Iter Mean Loss 0.7918
2023-12-15 18:05:23,613 - root - INFO - KG & CF Training: Epoch 0004 Iter 0002 / 0041 | Time 0.2s | Iter Loss 0.7846 | Iter Mean Loss 0.7882
2023-12-15 18:05:23,798 - root - INFO - KG & CF Training: Epoch 0004 Iter 0003 / 0041 | Time 0.2s | Iter Loss 0.7896 | Iter Mean Loss 0.7887
2023-12-15 18:05:23,984 - root - INFO - KG & CF Training: Epoch 0004 Iter 0004 / 0041 | Time 0.2s | Iter Loss 0.7874 | Iter Mean Loss 0.7884
2023-12-15 18:05:24,169 - root - INFO - KG & CF Training: Epoch 0004 Iter 0005 / 0041 | Time 0.2s | Iter Loss 0.7839 | Iter Mean Loss 0.7875
2023-12-15 18:05:24,352 - root - INFO - KG & CF Training: Epoch 0004 Iter 0006 / 0041 | Time 0.2s | Iter Loss 0.7845 | Iter Mean Loss 0.7870
2023-12-15 18:05:24,539 - root - INFO - KG & CF Training: Epoch 0004 Iter 0007 / 0041 | Time 0.2s | Iter Loss 0.7884 | Iter Mean Loss 0.7872
2023-12-15 18:05:24,729 - root - INFO - KG & CF Training: Epoch 0004 Iter 0008 / 0041 | Time 0.2s | Iter Loss 0.7857 | Iter Mean Loss 0.7870
2023-12-15 18:05:24,916 - root - INFO - KG & CF Training: Epoch 0004 Iter 0009 / 0041 | Time 0.2s | Iter Loss 0.7852 | Iter Mean Loss 0.7868
2023-12-15 18:05:25,102 - root - INFO - KG & CF Training: Epoch 0004 Iter 0010 / 0041 | Time 0.2s | Iter Loss 0.7779 | Iter Mean Loss 0.7859
2023-12-15 18:05:25,289 - root - INFO - KG & CF Training: Epoch 0004 Iter 0011 / 0041 | Time 0.2s | Iter Loss 0.7759 | Iter Mean Loss 0.7850
2023-12-15 18:05:25,475 - root - INFO - KG & CF Training: Epoch 0004 Iter 0012 / 0041 | Time 0.2s | Iter Loss 0.7908 | Iter Mean Loss 0.7855
2023-12-15 18:05:25,660 - root - INFO - KG & CF Training: Epoch 0004 Iter 0013 / 0041 | Time 0.2s | Iter Loss 0.7828 | Iter Mean Loss 0.7853
2023-12-15 18:05:25,845 - root - INFO - KG & CF Training: Epoch 0004 Iter 0014 / 0041 | Time 0.2s | Iter Loss 0.7813 | Iter Mean Loss 0.7850
2023-12-15 18:05:26,031 - root - INFO - KG & CF Training: Epoch 0004 Iter 0015 / 0041 | Time 0.2s | Iter Loss 0.7778 | Iter Mean Loss 0.7845
2023-12-15 18:05:26,218 - root - INFO - KG & CF Training: Epoch 0004 Iter 0016 / 0041 | Time 0.2s | Iter Loss 0.7727 | Iter Mean Loss 0.7838
2023-12-15 18:05:26,407 - root - INFO - KG & CF Training: Epoch 0004 Iter 0017 / 0041 | Time 0.2s | Iter Loss 0.7833 | Iter Mean Loss 0.7837
2023-12-15 18:05:26,593 - root - INFO - KG & CF Training: Epoch 0004 Iter 0018 / 0041 | Time 0.2s | Iter Loss 0.7770 | Iter Mean Loss 0.7834
2023-12-15 18:05:26,776 - root - INFO - KG & CF Training: Epoch 0004 Iter 0019 / 0041 | Time 0.2s | Iter Loss 0.7879 | Iter Mean Loss 0.7836
2023-12-15 18:05:26,959 - root - INFO - KG & CF Training: Epoch 0004 Iter 0020 / 0041 | Time 0.2s | Iter Loss 0.7829 | Iter Mean Loss 0.7836
2023-12-15 18:05:27,143 - root - INFO - KG & CF Training: Epoch 0004 Iter 0021 / 0041 | Time 0.2s | Iter Loss 0.7747 | Iter Mean Loss 0.7832
2023-12-15 18:05:27,330 - root - INFO - KG & CF Training: Epoch 0004 Iter 0022 / 0041 | Time 0.2s | Iter Loss 0.7936 | Iter Mean Loss 0.7836
2023-12-15 18:05:27,515 - root - INFO - KG & CF Training: Epoch 0004 Iter 0023 / 0041 | Time 0.2s | Iter Loss 0.7722 | Iter Mean Loss 0.7831
2023-12-15 18:05:27,699 - root - INFO - KG & CF Training: Epoch 0004 Iter 0024 / 0041 | Time 0.2s | Iter Loss 0.7804 | Iter Mean Loss 0.7830
2023-12-15 18:05:27,882 - root - INFO - KG & CF Training: Epoch 0004 Iter 0025 / 0041 | Time 0.2s | Iter Loss 0.7754 | Iter Mean Loss 0.7827
2023-12-15 18:05:28,066 - root - INFO - KG & CF Training: Epoch 0004 Iter 0026 / 0041 | Time 0.2s | Iter Loss 0.7748 | Iter Mean Loss 0.7824
2023-12-15 18:05:28,255 - root - INFO - KG & CF Training: Epoch 0004 Iter 0027 / 0041 | Time 0.2s | Iter Loss 0.7811 | Iter Mean Loss 0.7824
2023-12-15 18:05:28,440 - root - INFO - KG & CF Training: Epoch 0004 Iter 0028 / 0041 | Time 0.2s | Iter Loss 0.7781 | Iter Mean Loss 0.7822
2023-12-15 18:05:28,625 - root - INFO - KG & CF Training: Epoch 0004 Iter 0029 / 0041 | Time 0.2s | Iter Loss 0.7770 | Iter Mean Loss 0.7820
2023-12-15 18:05:28,810 - root - INFO - KG & CF Training: Epoch 0004 Iter 0030 / 0041 | Time 0.2s | Iter Loss 0.7751 | Iter Mean Loss 0.7818
2023-12-15 18:05:28,997 - root - INFO - KG & CF Training: Epoch 0004 Iter 0031 / 0041 | Time 0.2s | Iter Loss 0.7783 | Iter Mean Loss 0.7817
2023-12-15 18:05:29,185 - root - INFO - KG & CF Training: Epoch 0004 Iter 0032 / 0041 | Time 0.2s | Iter Loss 0.7797 | Iter Mean Loss 0.7816
2023-12-15 18:05:29,367 - root - INFO - KG & CF Training: Epoch 0004 Iter 0033 / 0041 | Time 0.2s | Iter Loss 0.7695 | Iter Mean Loss 0.7813
2023-12-15 18:05:29,551 - root - INFO - KG & CF Training: Epoch 0004 Iter 0034 / 0041 | Time 0.2s | Iter Loss 0.7685 | Iter Mean Loss 0.7809
2023-12-15 18:05:29,735 - root - INFO - KG & CF Training: Epoch 0004 Iter 0035 / 0041 | Time 0.2s | Iter Loss 0.7700 | Iter Mean Loss 0.7806
2023-12-15 18:05:29,920 - root - INFO - KG & CF Training: Epoch 0004 Iter 0036 / 0041 | Time 0.2s | Iter Loss 0.7762 | Iter Mean Loss 0.7804
2023-12-15 18:05:30,106 - root - INFO - KG & CF Training: Epoch 0004 Iter 0037 / 0041 | Time 0.2s | Iter Loss 0.7775 | Iter Mean Loss 0.7804
2023-12-15 18:05:30,290 - root - INFO - KG & CF Training: Epoch 0004 Iter 0038 / 0041 | Time 0.2s | Iter Loss 0.7711 | Iter Mean Loss 0.7801
2023-12-15 18:05:30,477 - root - INFO - KG & CF Training: Epoch 0004 Iter 0039 / 0041 | Time 0.2s | Iter Loss 0.7760 | Iter Mean Loss 0.7800
2023-12-15 18:05:30,661 - root - INFO - KG & CF Training: Epoch 0004 Iter 0040 / 0041 | Time 0.2s | Iter Loss 0.7708 | Iter Mean Loss 0.7798
2023-12-15 18:05:30,846 - root - INFO - KG & CF Training: Epoch 0004 Iter 0041 / 0041 | Time 0.2s | Iter Loss 0.7729 | Iter Mean Loss 0.7796
2023-12-15 18:05:30,846 - root - INFO - KG & CF Training: Epoch 0004 Total Iter 0041 | Total Time 7.6s | Iter Mean Loss 0.7796
2023-12-15 18:05:31,034 - root - INFO - KG & CF Training: Epoch 0005 Iter 0001 / 0041 | Time 0.2s | Iter Loss 0.7741 | Iter Mean Loss 0.7741
2023-12-15 18:05:31,220 - root - INFO - KG & CF Training: Epoch 0005 Iter 0002 / 0041 | Time 0.2s | Iter Loss 0.7734 | Iter Mean Loss 0.7737
2023-12-15 18:05:31,406 - root - INFO - KG & CF Training: Epoch 0005 Iter 0003 / 0041 | Time 0.2s | Iter Loss 0.7687 | Iter Mean Loss 0.7721
2023-12-15 18:05:31,590 - root - INFO - KG & CF Training: Epoch 0005 Iter 0004 / 0041 | Time 0.2s | Iter Loss 0.7697 | Iter Mean Loss 0.7715
2023-12-15 18:05:31,776 - root - INFO - KG & CF Training: Epoch 0005 Iter 0005 / 0041 | Time 0.2s | Iter Loss 0.7714 | Iter Mean Loss 0.7715
2023-12-15 18:05:31,963 - root - INFO - KG & CF Training: Epoch 0005 Iter 0006 / 0041 | Time 0.2s | Iter Loss 0.7682 | Iter Mean Loss 0.7709
2023-12-15 18:05:32,147 - root - INFO - KG & CF Training: Epoch 0005 Iter 0007 / 0041 | Time 0.2s | Iter Loss 0.7691 | Iter Mean Loss 0.7707
2023-12-15 18:05:32,333 - root - INFO - KG & CF Training: Epoch 0005 Iter 0008 / 0041 | Time 0.2s | Iter Loss 0.7751 | Iter Mean Loss 0.7712
2023-12-15 18:05:32,516 - root - INFO - KG & CF Training: Epoch 0005 Iter 0009 / 0041 | Time 0.2s | Iter Loss 0.7656 | Iter Mean Loss 0.7706
2023-12-15 18:05:32,703 - root - INFO - KG & CF Training: Epoch 0005 Iter 0010 / 0041 | Time 0.2s | Iter Loss 0.7720 | Iter Mean Loss 0.7707
2023-12-15 18:05:32,889 - root - INFO - KG & CF Training: Epoch 0005 Iter 0011 / 0041 | Time 0.2s | Iter Loss 0.7658 | Iter Mean Loss 0.7703
2023-12-15 18:05:33,076 - root - INFO - KG & CF Training: Epoch 0005 Iter 0012 / 0041 | Time 0.2s | Iter Loss 0.7711 | Iter Mean Loss 0.7703
2023-12-15 18:05:33,262 - root - INFO - KG & CF Training: Epoch 0005 Iter 0013 / 0041 | Time 0.2s | Iter Loss 0.7729 | Iter Mean Loss 0.7705
2023-12-15 18:05:33,446 - root - INFO - KG & CF Training: Epoch 0005 Iter 0014 / 0041 | Time 0.2s | Iter Loss 0.7734 | Iter Mean Loss 0.7707
2023-12-15 18:05:33,631 - root - INFO - KG & CF Training: Epoch 0005 Iter 0015 / 0041 | Time 0.2s | Iter Loss 0.7664 | Iter Mean Loss 0.7705
2023-12-15 18:05:33,817 - root - INFO - KG & CF Training: Epoch 0005 Iter 0016 / 0041 | Time 0.2s | Iter Loss 0.7657 | Iter Mean Loss 0.7702
2023-12-15 18:05:34,003 - root - INFO - KG & CF Training: Epoch 0005 Iter 0017 / 0041 | Time 0.2s | Iter Loss 0.7633 | Iter Mean Loss 0.7698
2023-12-15 18:05:34,188 - root - INFO - KG & CF Training: Epoch 0005 Iter 0018 / 0041 | Time 0.2s | Iter Loss 0.7618 | Iter Mean Loss 0.7693
2023-12-15 18:05:34,373 - root - INFO - KG & CF Training: Epoch 0005 Iter 0019 / 0041 | Time 0.2s | Iter Loss 0.7662 | Iter Mean Loss 0.7692
2023-12-15 18:05:34,568 - root - INFO - KG & CF Training: Epoch 0005 Iter 0020 / 0041 | Time 0.2s | Iter Loss 0.7633 | Iter Mean Loss 0.7689
2023-12-15 18:05:34,755 - root - INFO - KG & CF Training: Epoch 0005 Iter 0021 / 0041 | Time 0.2s | Iter Loss 0.7598 | Iter Mean Loss 0.7684
2023-12-15 18:05:34,941 - root - INFO - KG & CF Training: Epoch 0005 Iter 0022 / 0041 | Time 0.2s | Iter Loss 0.7590 | Iter Mean Loss 0.7680
2023-12-15 18:05:35,129 - root - INFO - KG & CF Training: Epoch 0005 Iter 0023 / 0041 | Time 0.2s | Iter Loss 0.7629 | Iter Mean Loss 0.7678
2023-12-15 18:05:35,315 - root - INFO - KG & CF Training: Epoch 0005 Iter 0024 / 0041 | Time 0.2s | Iter Loss 0.7648 | Iter Mean Loss 0.7677
2023-12-15 18:05:35,506 - root - INFO - KG & CF Training: Epoch 0005 Iter 0025 / 0041 | Time 0.2s | Iter Loss 0.7609 | Iter Mean Loss 0.7674
2023-12-15 18:05:35,691 - root - INFO - KG & CF Training: Epoch 0005 Iter 0026 / 0041 | Time 0.2s | Iter Loss 0.7701 | Iter Mean Loss 0.7675
2023-12-15 18:05:35,876 - root - INFO - KG & CF Training: Epoch 0005 Iter 0027 / 0041 | Time 0.2s | Iter Loss 0.7553 | Iter Mean Loss 0.7670
2023-12-15 18:05:36,062 - root - INFO - KG & CF Training: Epoch 0005 Iter 0028 / 0041 | Time 0.2s | Iter Loss 0.7649 | Iter Mean Loss 0.7670
2023-12-15 18:05:36,248 - root - INFO - KG & CF Training: Epoch 0005 Iter 0029 / 0041 | Time 0.2s | Iter Loss 0.7551 | Iter Mean Loss 0.7666
2023-12-15 18:05:36,434 - root - INFO - KG & CF Training: Epoch 0005 Iter 0030 / 0041 | Time 0.2s | Iter Loss 0.7560 | Iter Mean Loss 0.7662
2023-12-15 18:05:36,621 - root - INFO - KG & CF Training: Epoch 0005 Iter 0031 / 0041 | Time 0.2s | Iter Loss 0.7662 | Iter Mean Loss 0.7662
2023-12-15 18:05:36,809 - root - INFO - KG & CF Training: Epoch 0005 Iter 0032 / 0041 | Time 0.2s | Iter Loss 0.7650 | Iter Mean Loss 0.7662
2023-12-15 18:05:36,995 - root - INFO - KG & CF Training: Epoch 0005 Iter 0033 / 0041 | Time 0.2s | Iter Loss 0.7622 | Iter Mean Loss 0.7660
2023-12-15 18:05:37,180 - root - INFO - KG & CF Training: Epoch 0005 Iter 0034 / 0041 | Time 0.2s | Iter Loss 0.7567 | Iter Mean Loss 0.7658
2023-12-15 18:05:37,366 - root - INFO - KG & CF Training: Epoch 0005 Iter 0035 / 0041 | Time 0.2s | Iter Loss 0.7656 | Iter Mean Loss 0.7658
2023-12-15 18:05:37,551 - root - INFO - KG & CF Training: Epoch 0005 Iter 0036 / 0041 | Time 0.2s | Iter Loss 0.7668 | Iter Mean Loss 0.7658
2023-12-15 18:05:37,737 - root - INFO - KG & CF Training: Epoch 0005 Iter 0037 / 0041 | Time 0.2s | Iter Loss 0.7520 | Iter Mean Loss 0.7654
2023-12-15 18:05:37,923 - root - INFO - KG & CF Training: Epoch 0005 Iter 0038 / 0041 | Time 0.2s | Iter Loss 0.7651 | Iter Mean Loss 0.7654
2023-12-15 18:05:38,108 - root - INFO - KG & CF Training: Epoch 0005 Iter 0039 / 0041 | Time 0.2s | Iter Loss 0.7669 | Iter Mean Loss 0.7654
2023-12-15 18:05:38,295 - root - INFO - KG & CF Training: Epoch 0005 Iter 0040 / 0041 | Time 0.2s | Iter Loss 0.7547 | Iter Mean Loss 0.7652
2023-12-15 18:05:38,480 - root - INFO - KG & CF Training: Epoch 0005 Iter 0041 / 0041 | Time 0.2s | Iter Loss 0.7477 | Iter Mean Loss 0.7648
2023-12-15 18:05:38,480 - root - INFO - KG & CF Training: Epoch 0005 Total Iter 0041 | Total Time 7.6s | Iter Mean Loss 0.7648
2023-12-15 18:05:38,664 - root - INFO - KG & CF Training: Epoch 0006 Iter 0001 / 0041 | Time 0.2s | Iter Loss 0.7570 | Iter Mean Loss 0.7570
2023-12-15 18:05:38,849 - root - INFO - KG & CF Training: Epoch 0006 Iter 0002 / 0041 | Time 0.2s | Iter Loss 0.7515 | Iter Mean Loss 0.7543
2023-12-15 18:05:39,033 - root - INFO - KG & CF Training: Epoch 0006 Iter 0003 / 0041 | Time 0.2s | Iter Loss 0.7547 | Iter Mean Loss 0.7544
2023-12-15 18:05:39,218 - root - INFO - KG & CF Training: Epoch 0006 Iter 0004 / 0041 | Time 0.2s | Iter Loss 0.7541 | Iter Mean Loss 0.7543
2023-12-15 18:05:39,403 - root - INFO - KG & CF Training: Epoch 0006 Iter 0005 / 0041 | Time 0.2s | Iter Loss 0.7490 | Iter Mean Loss 0.7533
2023-12-15 18:05:39,589 - root - INFO - KG & CF Training: Epoch 0006 Iter 0006 / 0041 | Time 0.2s | Iter Loss 0.7543 | Iter Mean Loss 0.7534
2023-12-15 18:05:39,776 - root - INFO - KG & CF Training: Epoch 0006 Iter 0007 / 0041 | Time 0.2s | Iter Loss 0.7548 | Iter Mean Loss 0.7536
2023-12-15 18:05:39,962 - root - INFO - KG & CF Training: Epoch 0006 Iter 0008 / 0041 | Time 0.2s | Iter Loss 0.7504 | Iter Mean Loss 0.7532
2023-12-15 18:05:40,150 - root - INFO - KG & CF Training: Epoch 0006 Iter 0009 / 0041 | Time 0.2s | Iter Loss 0.7509 | Iter Mean Loss 0.7530
2023-12-15 18:05:40,338 - root - INFO - KG & CF Training: Epoch 0006 Iter 0010 / 0041 | Time 0.2s | Iter Loss 0.7605 | Iter Mean Loss 0.7537
2023-12-15 18:05:40,525 - root - INFO - KG & CF Training: Epoch 0006 Iter 0011 / 0041 | Time 0.2s | Iter Loss 0.7557 | Iter Mean Loss 0.7539
2023-12-15 18:05:40,712 - root - INFO - KG & CF Training: Epoch 0006 Iter 0012 / 0041 | Time 0.2s | Iter Loss 0.7576 | Iter Mean Loss 0.7542
2023-12-15 18:05:40,897 - root - INFO - KG & CF Training: Epoch 0006 Iter 0013 / 0041 | Time 0.2s | Iter Loss 0.7470 | Iter Mean Loss 0.7536
2023-12-15 18:05:41,082 - root - INFO - KG & CF Training: Epoch 0006 Iter 0014 / 0041 | Time 0.2s | Iter Loss 0.7575 | Iter Mean Loss 0.7539
2023-12-15 18:05:41,268 - root - INFO - KG & CF Training: Epoch 0006 Iter 0015 / 0041 | Time 0.2s | Iter Loss 0.7448 | Iter Mean Loss 0.7533
2023-12-15 18:05:41,454 - root - INFO - KG & CF Training: Epoch 0006 Iter 0016 / 0041 | Time 0.2s | Iter Loss 0.7488 | Iter Mean Loss 0.7530
2023-12-15 18:05:41,640 - root - INFO - KG & CF Training: Epoch 0006 Iter 0017 / 0041 | Time 0.2s | Iter Loss 0.7564 | Iter Mean Loss 0.7532
2023-12-15 18:05:41,824 - root - INFO - KG & CF Training: Epoch 0006 Iter 0018 / 0041 | Time 0.2s | Iter Loss 0.7453 | Iter Mean Loss 0.7528
2023-12-15 18:05:42,009 - root - INFO - KG & CF Training: Epoch 0006 Iter 0019 / 0041 | Time 0.2s | Iter Loss 0.7461 | Iter Mean Loss 0.7524
2023-12-15 18:05:42,195 - root - INFO - KG & CF Training: Epoch 0006 Iter 0020 / 0041 | Time 0.2s | Iter Loss 0.7499 | Iter Mean Loss 0.7523
2023-12-15 18:05:42,383 - root - INFO - KG & CF Training: Epoch 0006 Iter 0021 / 0041 | Time 0.2s | Iter Loss 0.7452 | Iter Mean Loss 0.7520
2023-12-15 18:05:42,567 - root - INFO - KG & CF Training: Epoch 0006 Iter 0022 / 0041 | Time 0.2s | Iter Loss 0.7414 | Iter Mean Loss 0.7515
2023-12-15 18:05:42,753 - root - INFO - KG & CF Training: Epoch 0006 Iter 0023 / 0041 | Time 0.2s | Iter Loss 0.7509 | Iter Mean Loss 0.7515
2023-12-15 18:05:42,937 - root - INFO - KG & CF Training: Epoch 0006 Iter 0024 / 0041 | Time 0.2s | Iter Loss 0.7507 | Iter Mean Loss 0.7514
2023-12-15 18:05:43,123 - root - INFO - KG & CF Training: Epoch 0006 Iter 0025 / 0041 | Time 0.2s | Iter Loss 0.7475 | Iter Mean Loss 0.7513
2023-12-15 18:05:43,308 - root - INFO - KG & CF Training: Epoch 0006 Iter 0026 / 0041 | Time 0.2s | Iter Loss 0.7525 | Iter Mean Loss 0.7513
2023-12-15 18:05:43,492 - root - INFO - KG & CF Training: Epoch 0006 Iter 0027 / 0041 | Time 0.2s | Iter Loss 0.7376 | Iter Mean Loss 0.7508
2023-12-15 18:05:43,681 - root - INFO - KG & CF Training: Epoch 0006 Iter 0028 / 0041 | Time 0.2s | Iter Loss 0.7472 | Iter Mean Loss 0.7507
2023-12-15 18:05:43,866 - root - INFO - KG & CF Training: Epoch 0006 Iter 0029 / 0041 | Time 0.2s | Iter Loss 0.7469 | Iter Mean Loss 0.7506
2023-12-15 18:05:44,052 - root - INFO - KG & CF Training: Epoch 0006 Iter 0030 / 0041 | Time 0.2s | Iter Loss 0.7498 | Iter Mean Loss 0.7505
2023-12-15 18:05:44,238 - root - INFO - KG & CF Training: Epoch 0006 Iter 0031 / 0041 | Time 0.2s | Iter Loss 0.7521 | Iter Mean Loss 0.7506
2023-12-15 18:05:44,424 - root - INFO - KG & CF Training: Epoch 0006 Iter 0032 / 0041 | Time 0.2s | Iter Loss 0.7489 | Iter Mean Loss 0.7505
2023-12-15 18:05:44,612 - root - INFO - KG & CF Training: Epoch 0006 Iter 0033 / 0041 | Time 0.2s | Iter Loss 0.7453 | Iter Mean Loss 0.7504
2023-12-15 18:05:44,796 - root - INFO - KG & CF Training: Epoch 0006 Iter 0034 / 0041 | Time 0.2s | Iter Loss 0.7456 | Iter Mean Loss 0.7502
2023-12-15 18:05:44,979 - root - INFO - KG & CF Training: Epoch 0006 Iter 0035 / 0041 | Time 0.2s | Iter Loss 0.7432 | Iter Mean Loss 0.7500
2023-12-15 18:05:45,168 - root - INFO - KG & CF Training: Epoch 0006 Iter 0036 / 0041 | Time 0.2s | Iter Loss 0.7431 | Iter Mean Loss 0.7498
2023-12-15 18:05:45,354 - root - INFO - KG & CF Training: Epoch 0006 Iter 0037 / 0041 | Time 0.2s | Iter Loss 0.7423 | Iter Mean Loss 0.7496
2023-12-15 18:05:45,538 - root - INFO - KG & CF Training: Epoch 0006 Iter 0038 / 0041 | Time 0.2s | Iter Loss 0.7408 | Iter Mean Loss 0.7494
2023-12-15 18:05:45,725 - root - INFO - KG & CF Training: Epoch 0006 Iter 0039 / 0041 | Time 0.2s | Iter Loss 0.7427 | Iter Mean Loss 0.7492
2023-12-15 18:05:45,913 - root - INFO - KG & CF Training: Epoch 0006 Iter 0040 / 0041 | Time 0.2s | Iter Loss 0.7486 | Iter Mean Loss 0.7492
2023-12-15 18:05:46,105 - root - INFO - KG & CF Training: Epoch 0006 Iter 0041 / 0041 | Time 0.2s | Iter Loss 0.7466 | Iter Mean Loss 0.7492
2023-12-15 18:05:46,105 - root - INFO - KG & CF Training: Epoch 0006 Total Iter 0041 | Total Time 7.6s | Iter Mean Loss 0.7492
2023-12-15 18:05:46,293 - root - INFO - KG & CF Training: Epoch 0007 Iter 0001 / 0041 | Time 0.2s | Iter Loss 0.7432 | Iter Mean Loss 0.7432
2023-12-15 18:05:46,479 - root - INFO - KG & CF Training: Epoch 0007 Iter 0002 / 0041 | Time 0.2s | Iter Loss 0.7379 | Iter Mean Loss 0.7406
2023-12-15 18:05:46,664 - root - INFO - KG & CF Training: Epoch 0007 Iter 0003 / 0041 | Time 0.2s | Iter Loss 0.7356 | Iter Mean Loss 0.7389
2023-12-15 18:05:46,849 - root - INFO - KG & CF Training: Epoch 0007 Iter 0004 / 0041 | Time 0.2s | Iter Loss 0.7378 | Iter Mean Loss 0.7386
2023-12-15 18:05:47,034 - root - INFO - KG & CF Training: Epoch 0007 Iter 0005 / 0041 | Time 0.2s | Iter Loss 0.7380 | Iter Mean Loss 0.7385
2023-12-15 18:05:47,221 - root - INFO - KG & CF Training: Epoch 0007 Iter 0006 / 0041 | Time 0.2s | Iter Loss 0.7425 | Iter Mean Loss 0.7392
2023-12-15 18:05:47,406 - root - INFO - KG & CF Training: Epoch 0007 Iter 0007 / 0041 | Time 0.2s | Iter Loss 0.7375 | Iter Mean Loss 0.7389
2023-12-15 18:05:47,592 - root - INFO - KG & CF Training: Epoch 0007 Iter 0008 / 0041 | Time 0.2s | Iter Loss 0.7381 | Iter Mean Loss 0.7388
2023-12-15 18:05:47,777 - root - INFO - KG & CF Training: Epoch 0007 Iter 0009 / 0041 | Time 0.2s | Iter Loss 0.7301 | Iter Mean Loss 0.7379
2023-12-15 18:05:47,964 - root - INFO - KG & CF Training: Epoch 0007 Iter 0010 / 0041 | Time 0.2s | Iter Loss 0.7326 | Iter Mean Loss 0.7373
2023-12-15 18:05:48,149 - root - INFO - KG & CF Training: Epoch 0007 Iter 0011 / 0041 | Time 0.2s | Iter Loss 0.7337 | Iter Mean Loss 0.7370
2023-12-15 18:05:48,332 - root - INFO - KG & CF Training: Epoch 0007 Iter 0012 / 0041 | Time 0.2s | Iter Loss 0.7356 | Iter Mean Loss 0.7369
2023-12-15 18:05:48,517 - root - INFO - KG & CF Training: Epoch 0007 Iter 0013 / 0041 | Time 0.2s | Iter Loss 0.7358 | Iter Mean Loss 0.7368
2023-12-15 18:05:48,704 - root - INFO - KG & CF Training: Epoch 0007 Iter 0014 / 0041 | Time 0.2s | Iter Loss 0.7326 | Iter Mean Loss 0.7365
2023-12-15 18:05:48,889 - root - INFO - KG & CF Training: Epoch 0007 Iter 0015 / 0041 | Time 0.2s | Iter Loss 0.7262 | Iter Mean Loss 0.7358
2023-12-15 18:05:49,074 - root - INFO - KG & CF Training: Epoch 0007 Iter 0016 / 0041 | Time 0.2s | Iter Loss 0.7364 | Iter Mean Loss 0.7359
2023-12-15 18:05:49,260 - root - INFO - KG & CF Training: Epoch 0007 Iter 0017 / 0041 | Time 0.2s | Iter Loss 0.7320 | Iter Mean Loss 0.7356
2023-12-15 18:05:49,443 - root - INFO - KG & CF Training: Epoch 0007 Iter 0018 / 0041 | Time 0.2s | Iter Loss 0.7285 | Iter Mean Loss 0.7352
2023-12-15 18:05:49,629 - root - INFO - KG & CF Training: Epoch 0007 Iter 0019 / 0041 | Time 0.2s | Iter Loss 0.7361 | Iter Mean Loss 0.7353
2023-12-15 18:05:49,814 - root - INFO - KG & CF Training: Epoch 0007 Iter 0020 / 0041 | Time 0.2s | Iter Loss 0.7317 | Iter Mean Loss 0.7351
2023-12-15 18:05:50,001 - root - INFO - KG & CF Training: Epoch 0007 Iter 0021 / 0041 | Time 0.2s | Iter Loss 0.7324 | Iter Mean Loss 0.7350
2023-12-15 18:05:50,187 - root - INFO - KG & CF Training: Epoch 0007 Iter 0022 / 0041 | Time 0.2s | Iter Loss 0.7329 | Iter Mean Loss 0.7349
2023-12-15 18:05:50,374 - root - INFO - KG & CF Training: Epoch 0007 Iter 0023 / 0041 | Time 0.2s | Iter Loss 0.7362 | Iter Mean Loss 0.7349
2023-12-15 18:05:50,558 - root - INFO - KG & CF Training: Epoch 0007 Iter 0024 / 0041 | Time 0.2s | Iter Loss 0.7276 | Iter Mean Loss 0.7346
2023-12-15 18:05:50,744 - root - INFO - KG & CF Training: Epoch 0007 Iter 0025 / 0041 | Time 0.2s | Iter Loss 0.7230 | Iter Mean Loss 0.7342
2023-12-15 18:05:50,931 - root - INFO - KG & CF Training: Epoch 0007 Iter 0026 / 0041 | Time 0.2s | Iter Loss 0.7252 | Iter Mean Loss 0.7338
2023-12-15 18:05:51,113 - root - INFO - KG & CF Training: Epoch 0007 Iter 0027 / 0041 | Time 0.2s | Iter Loss 0.7220 | Iter Mean Loss 0.7334
2023-12-15 18:05:51,303 - root - INFO - KG & CF Training: Epoch 0007 Iter 0028 / 0041 | Time 0.2s | Iter Loss 0.7206 | Iter Mean Loss 0.7329
2023-12-15 18:05:51,488 - root - INFO - KG & CF Training: Epoch 0007 Iter 0029 / 0041 | Time 0.2s | Iter Loss 0.7325 | Iter Mean Loss 0.7329
2023-12-15 18:05:51,674 - root - INFO - KG & CF Training: Epoch 0007 Iter 0030 / 0041 | Time 0.2s | Iter Loss 0.7288 | Iter Mean Loss 0.7328
2023-12-15 18:05:51,861 - root - INFO - KG & CF Training: Epoch 0007 Iter 0031 / 0041 | Time 0.2s | Iter Loss 0.7206 | Iter Mean Loss 0.7324
2023-12-15 18:05:52,047 - root - INFO - KG & CF Training: Epoch 0007 Iter 0032 / 0041 | Time 0.2s | Iter Loss 0.7229 | Iter Mean Loss 0.7321
2023-12-15 18:05:52,232 - root - INFO - KG & CF Training: Epoch 0007 Iter 0033 / 0041 | Time 0.2s | Iter Loss 0.7223 | Iter Mean Loss 0.7318
2023-12-15 18:05:52,417 - root - INFO - KG & CF Training: Epoch 0007 Iter 0034 / 0041 | Time 0.2s | Iter Loss 0.7284 | Iter Mean Loss 0.7317
2023-12-15 18:05:52,601 - root - INFO - KG & CF Training: Epoch 0007 Iter 0035 / 0041 | Time 0.2s | Iter Loss 0.7153 | Iter Mean Loss 0.7312
2023-12-15 18:05:52,785 - root - INFO - KG & CF Training: Epoch 0007 Iter 0036 / 0041 | Time 0.2s | Iter Loss 0.7191 | Iter Mean Loss 0.7309
2023-12-15 18:05:52,969 - root - INFO - KG & CF Training: Epoch 0007 Iter 0037 / 0041 | Time 0.2s | Iter Loss 0.7195 | Iter Mean Loss 0.7306
2023-12-15 18:05:53,154 - root - INFO - KG & CF Training: Epoch 0007 Iter 0038 / 0041 | Time 0.2s | Iter Loss 0.7147 | Iter Mean Loss 0.7302
2023-12-15 18:05:53,340 - root - INFO - KG & CF Training: Epoch 0007 Iter 0039 / 0041 | Time 0.2s | Iter Loss 0.7277 | Iter Mean Loss 0.7301
2023-12-15 18:05:53,526 - root - INFO - KG & CF Training: Epoch 0007 Iter 0040 / 0041 | Time 0.2s | Iter Loss 0.7282 | Iter Mean Loss 0.7301
2023-12-15 18:05:53,714 - root - INFO - KG & CF Training: Epoch 0007 Iter 0041 / 0041 | Time 0.2s | Iter Loss 0.7147 | Iter Mean Loss 0.7297
2023-12-15 18:05:53,714 - root - INFO - KG & CF Training: Epoch 0007 Total Iter 0041 | Total Time 7.6s | Iter Mean Loss 0.7297
2023-12-15 18:05:53,901 - root - INFO - KG & CF Training: Epoch 0008 Iter 0001 / 0041 | Time 0.2s | Iter Loss 0.7207 | Iter Mean Loss 0.7207
2023-12-15 18:05:54,086 - root - INFO - KG & CF Training: Epoch 0008 Iter 0002 / 0041 | Time 0.2s | Iter Loss 0.7177 | Iter Mean Loss 0.7192
2023-12-15 18:05:54,270 - root - INFO - KG & CF Training: Epoch 0008 Iter 0003 / 0041 | Time 0.2s | Iter Loss 0.7199 | Iter Mean Loss 0.7195
2023-12-15 18:05:54,455 - root - INFO - KG & CF Training: Epoch 0008 Iter 0004 / 0041 | Time 0.2s | Iter Loss 0.7107 | Iter Mean Loss 0.7173
2023-12-15 18:05:54,641 - root - INFO - KG & CF Training: Epoch 0008 Iter 0005 / 0041 | Time 0.2s | Iter Loss 0.7132 | Iter Mean Loss 0.7164
2023-12-15 18:05:54,825 - root - INFO - KG & CF Training: Epoch 0008 Iter 0006 / 0041 | Time 0.2s | Iter Loss 0.7174 | Iter Mean Loss 0.7166
2023-12-15 18:05:55,012 - root - INFO - KG & CF Training: Epoch 0008 Iter 0007 / 0041 | Time 0.2s | Iter Loss 0.7165 | Iter Mean Loss 0.7166
2023-12-15 18:05:55,195 - root - INFO - KG & CF Training: Epoch 0008 Iter 0008 / 0041 | Time 0.2s | Iter Loss 0.7074 | Iter Mean Loss 0.7154
2023-12-15 18:05:55,381 - root - INFO - KG & CF Training: Epoch 0008 Iter 0009 / 0041 | Time 0.2s | Iter Loss 0.7150 | Iter Mean Loss 0.7154
2023-12-15 18:05:55,567 - root - INFO - KG & CF Training: Epoch 0008 Iter 0010 / 0041 | Time 0.2s | Iter Loss 0.7213 | Iter Mean Loss 0.7160
2023-12-15 18:05:55,753 - root - INFO - KG & CF Training: Epoch 0008 Iter 0011 / 0041 | Time 0.2s | Iter Loss 0.7233 | Iter Mean Loss 0.7167
2023-12-15 18:05:55,939 - root - INFO - KG & CF Training: Epoch 0008 Iter 0012 / 0041 | Time 0.2s | Iter Loss 0.7192 | Iter Mean Loss 0.7169
2023-12-15 18:05:56,125 - root - INFO - KG & CF Training: Epoch 0008 Iter 0013 / 0041 | Time 0.2s | Iter Loss 0.7065 | Iter Mean Loss 0.7161
2023-12-15 18:05:56,312 - root - INFO - KG & CF Training: Epoch 0008 Iter 0014 / 0041 | Time 0.2s | Iter Loss 0.7060 | Iter Mean Loss 0.7154
2023-12-15 18:05:56,502 - root - INFO - KG & CF Training: Epoch 0008 Iter 0015 / 0041 | Time 0.2s | Iter Loss 0.7093 | Iter Mean Loss 0.7149
2023-12-15 18:05:56,690 - root - INFO - KG & CF Training: Epoch 0008 Iter 0016 / 0041 | Time 0.2s | Iter Loss 0.7097 | Iter Mean Loss 0.7146
2023-12-15 18:05:56,875 - root - INFO - KG & CF Training: Epoch 0008 Iter 0017 / 0041 | Time 0.2s | Iter Loss 0.7019 | Iter Mean Loss 0.7139
2023-12-15 18:05:57,066 - root - INFO - KG & CF Training: Epoch 0008 Iter 0018 / 0041 | Time 0.2s | Iter Loss 0.7141 | Iter Mean Loss 0.7139
2023-12-15 18:05:57,251 - root - INFO - KG & CF Training: Epoch 0008 Iter 0019 / 0041 | Time 0.2s | Iter Loss 0.7085 | Iter Mean Loss 0.7136
2023-12-15 18:05:57,442 - root - INFO - KG & CF Training: Epoch 0008 Iter 0020 / 0041 | Time 0.2s | Iter Loss 0.7102 | Iter Mean Loss 0.7134
2023-12-15 18:05:57,629 - root - INFO - KG & CF Training: Epoch 0008 Iter 0021 / 0041 | Time 0.2s | Iter Loss 0.7058 | Iter Mean Loss 0.7131
2023-12-15 18:05:57,813 - root - INFO - KG & CF Training: Epoch 0008 Iter 0022 / 0041 | Time 0.2s | Iter Loss 0.7073 | Iter Mean Loss 0.7128
2023-12-15 18:05:58,001 - root - INFO - KG & CF Training: Epoch 0008 Iter 0023 / 0041 | Time 0.2s | Iter Loss 0.7111 | Iter Mean Loss 0.7127
2023-12-15 18:05:58,184 - root - INFO - KG & CF Training: Epoch 0008 Iter 0024 / 0041 | Time 0.2s | Iter Loss 0.7068 | Iter Mean Loss 0.7125
2023-12-15 18:05:58,372 - root - INFO - KG & CF Training: Epoch 0008 Iter 0025 / 0041 | Time 0.2s | Iter Loss 0.7119 | Iter Mean Loss 0.7125
2023-12-15 18:05:58,556 - root - INFO - KG & CF Training: Epoch 0008 Iter 0026 / 0041 | Time 0.2s | Iter Loss 0.7057 | Iter Mean Loss 0.7122
2023-12-15 18:05:58,746 - root - INFO - KG & CF Training: Epoch 0008 Iter 0027 / 0041 | Time 0.2s | Iter Loss 0.7142 | Iter Mean Loss 0.7123
2023-12-15 18:05:58,931 - root - INFO - KG & CF Training: Epoch 0008 Iter 0028 / 0041 | Time 0.2s | Iter Loss 0.7037 | Iter Mean Loss 0.7120
2023-12-15 18:05:59,119 - root - INFO - KG & CF Training: Epoch 0008 Iter 0029 / 0041 | Time 0.2s | Iter Loss 0.6953 | Iter Mean Loss 0.7114
2023-12-15 18:05:59,306 - root - INFO - KG & CF Training: Epoch 0008 Iter 0030 / 0041 | Time 0.2s | Iter Loss 0.6965 | Iter Mean Loss 0.7109
2023-12-15 18:05:59,492 - root - INFO - KG & CF Training: Epoch 0008 Iter 0031 / 0041 | Time 0.2s | Iter Loss 0.7006 | Iter Mean Loss 0.7106
2023-12-15 18:05:59,681 - root - INFO - KG & CF Training: Epoch 0008 Iter 0032 / 0041 | Time 0.2s | Iter Loss 0.7001 | Iter Mean Loss 0.7102
2023-12-15 18:05:59,866 - root - INFO - KG & CF Training: Epoch 0008 Iter 0033 / 0041 | Time 0.2s | Iter Loss 0.7019 | Iter Mean Loss 0.7100
2023-12-15 18:06:00,052 - root - INFO - KG & CF Training: Epoch 0008 Iter 0034 / 0041 | Time 0.2s | Iter Loss 0.7073 | Iter Mean Loss 0.7099
2023-12-15 18:06:00,239 - root - INFO - KG & CF Training: Epoch 0008 Iter 0035 / 0041 | Time 0.2s | Iter Loss 0.6956 | Iter Mean Loss 0.7095
2023-12-15 18:06:00,430 - root - INFO - KG & CF Training: Epoch 0008 Iter 0036 / 0041 | Time 0.2s | Iter Loss 0.7045 | Iter Mean Loss 0.7094
2023-12-15 18:06:00,620 - root - INFO - KG & CF Training: Epoch 0008 Iter 0037 / 0041 | Time 0.2s | Iter Loss 0.6973 | Iter Mean Loss 0.7090
2023-12-15 18:06:00,804 - root - INFO - KG & CF Training: Epoch 0008 Iter 0038 / 0041 | Time 0.2s | Iter Loss 0.6893 | Iter Mean Loss 0.7085
2023-12-15 18:06:00,988 - root - INFO - KG & CF Training: Epoch 0008 Iter 0039 / 0041 | Time 0.2s | Iter Loss 0.6929 | Iter Mean Loss 0.7081
2023-12-15 18:06:01,174 - root - INFO - KG & CF Training: Epoch 0008 Iter 0040 / 0041 | Time 0.2s | Iter Loss 0.7012 | Iter Mean Loss 0.7079
2023-12-15 18:06:01,361 - root - INFO - KG & CF Training: Epoch 0008 Iter 0041 / 0041 | Time 0.2s | Iter Loss 0.7017 | Iter Mean Loss 0.7078
2023-12-15 18:06:01,361 - root - INFO - KG & CF Training: Epoch 0008 Total Iter 0041 | Total Time 7.6s | Iter Mean Loss 0.7078
2023-12-15 18:06:01,546 - root - INFO - KG & CF Training: Epoch 0009 Iter 0001 / 0041 | Time 0.2s | Iter Loss 0.6947 | Iter Mean Loss 0.6947
2023-12-15 18:06:01,733 - root - INFO - KG & CF Training: Epoch 0009 Iter 0002 / 0041 | Time 0.2s | Iter Loss 0.7001 | Iter Mean Loss 0.6974
2023-12-15 18:06:01,918 - root - INFO - KG & CF Training: Epoch 0009 Iter 0003 / 0041 | Time 0.2s | Iter Loss 0.7020 | Iter Mean Loss 0.6989
2023-12-15 18:06:02,107 - root - INFO - KG & CF Training: Epoch 0009 Iter 0004 / 0041 | Time 0.2s | Iter Loss 0.6968 | Iter Mean Loss 0.6984
2023-12-15 18:06:02,294 - root - INFO - KG & CF Training: Epoch 0009 Iter 0005 / 0041 | Time 0.2s | Iter Loss 0.6858 | Iter Mean Loss 0.6959
2023-12-15 18:06:02,478 - root - INFO - KG & CF Training: Epoch 0009 Iter 0006 / 0041 | Time 0.2s | Iter Loss 0.6846 | Iter Mean Loss 0.6940
2023-12-15 18:06:02,664 - root - INFO - KG & CF Training: Epoch 0009 Iter 0007 / 0041 | Time 0.2s | Iter Loss 0.6945 | Iter Mean Loss 0.6941
2023-12-15 18:06:02,851 - root - INFO - KG & CF Training: Epoch 0009 Iter 0008 / 0041 | Time 0.2s | Iter Loss 0.6881 | Iter Mean Loss 0.6933
2023-12-15 18:06:03,037 - root - INFO - KG & CF Training: Epoch 0009 Iter 0009 / 0041 | Time 0.2s | Iter Loss 0.6860 | Iter Mean Loss 0.6925
2023-12-15 18:06:03,224 - root - INFO - KG & CF Training: Epoch 0009 Iter 0010 / 0041 | Time 0.2s | Iter Loss 0.6895 | Iter Mean Loss 0.6922
2023-12-15 18:06:03,415 - root - INFO - KG & CF Training: Epoch 0009 Iter 0011 / 0041 | Time 0.2s | Iter Loss 0.6797 | Iter Mean Loss 0.6911
2023-12-15 18:06:03,603 - root - INFO - KG & CF Training: Epoch 0009 Iter 0012 / 0041 | Time 0.2s | Iter Loss 0.6845 | Iter Mean Loss 0.6905
2023-12-15 18:06:03,788 - root - INFO - KG & CF Training: Epoch 0009 Iter 0013 / 0041 | Time 0.2s | Iter Loss 0.6823 | Iter Mean Loss 0.6899
2023-12-15 18:06:03,974 - root - INFO - KG & CF Training: Epoch 0009 Iter 0014 / 0041 | Time 0.2s | Iter Loss 0.6892 | Iter Mean Loss 0.6898
2023-12-15 18:06:04,160 - root - INFO - KG & CF Training: Epoch 0009 Iter 0015 / 0041 | Time 0.2s | Iter Loss 0.6851 | Iter Mean Loss 0.6895
2023-12-15 18:06:04,348 - root - INFO - KG & CF Training: Epoch 0009 Iter 0016 / 0041 | Time 0.2s | Iter Loss 0.6923 | Iter Mean Loss 0.6897
2023-12-15 18:06:04,537 - root - INFO - KG & CF Training: Epoch 0009 Iter 0017 / 0041 | Time 0.2s | Iter Loss 0.6774 | Iter Mean Loss 0.6890
2023-12-15 18:06:04,720 - root - INFO - KG & CF Training: Epoch 0009 Iter 0018 / 0041 | Time 0.2s | Iter Loss 0.6761 | Iter Mean Loss 0.6883
2023-12-15 18:06:04,909 - root - INFO - KG & CF Training: Epoch 0009 Iter 0019 / 0041 | Time 0.2s | Iter Loss 0.6785 | Iter Mean Loss 0.6877
2023-12-15 18:06:05,097 - root - INFO - KG & CF Training: Epoch 0009 Iter 0020 / 0041 | Time 0.2s | Iter Loss 0.6787 | Iter Mean Loss 0.6873
2023-12-15 18:06:05,281 - root - INFO - KG & CF Training: Epoch 0009 Iter 0021 / 0041 | Time 0.2s | Iter Loss 0.6787 | Iter Mean Loss 0.6869
2023-12-15 18:06:05,465 - root - INFO - KG & CF Training: Epoch 0009 Iter 0022 / 0041 | Time 0.2s | Iter Loss 0.6741 | Iter Mean Loss 0.6863
2023-12-15 18:06:05,651 - root - INFO - KG & CF Training: Epoch 0009 Iter 0023 / 0041 | Time 0.2s | Iter Loss 0.6868 | Iter Mean Loss 0.6863
2023-12-15 18:06:05,843 - root - INFO - KG & CF Training: Epoch 0009 Iter 0024 / 0041 | Time 0.2s | Iter Loss 0.6734 | Iter Mean Loss 0.6858
2023-12-15 18:06:06,034 - root - INFO - KG & CF Training: Epoch 0009 Iter 0025 / 0041 | Time 0.2s | Iter Loss 0.6726 | Iter Mean Loss 0.6853
2023-12-15 18:06:06,220 - root - INFO - KG & CF Training: Epoch 0009 Iter 0026 / 0041 | Time 0.2s | Iter Loss 0.6715 | Iter Mean Loss 0.6847
2023-12-15 18:06:06,406 - root - INFO - KG & CF Training: Epoch 0009 Iter 0027 / 0041 | Time 0.2s | Iter Loss 0.6804 | Iter Mean Loss 0.6846
2023-12-15 18:06:06,590 - root - INFO - KG & CF Training: Epoch 0009 Iter 0028 / 0041 | Time 0.2s | Iter Loss 0.6710 | Iter Mean Loss 0.6841
2023-12-15 18:06:06,773 - root - INFO - KG & CF Training: Epoch 0009 Iter 0029 / 0041 | Time 0.2s | Iter Loss 0.6762 | Iter Mean Loss 0.6838
2023-12-15 18:06:06,956 - root - INFO - KG & CF Training: Epoch 0009 Iter 0030 / 0041 | Time 0.2s | Iter Loss 0.6762 | Iter Mean Loss 0.6836
2023-12-15 18:06:07,141 - root - INFO - KG & CF Training: Epoch 0009 Iter 0031 / 0041 | Time 0.2s | Iter Loss 0.6813 | Iter Mean Loss 0.6835
2023-12-15 18:06:07,328 - root - INFO - KG & CF Training: Epoch 0009 Iter 0032 / 0041 | Time 0.2s | Iter Loss 0.6659 | Iter Mean Loss 0.6829
2023-12-15 18:06:07,514 - root - INFO - KG & CF Training: Epoch 0009 Iter 0033 / 0041 | Time 0.2s | Iter Loss 0.6748 | Iter Mean Loss 0.6827
2023-12-15 18:06:07,703 - root - INFO - KG & CF Training: Epoch 0009 Iter 0034 / 0041 | Time 0.2s | Iter Loss 0.6691 | Iter Mean Loss 0.6823
2023-12-15 18:06:07,890 - root - INFO - KG & CF Training: Epoch 0009 Iter 0035 / 0041 | Time 0.2s | Iter Loss 0.6658 | Iter Mean Loss 0.6818
2023-12-15 18:06:08,074 - root - INFO - KG & CF Training: Epoch 0009 Iter 0036 / 0041 | Time 0.2s | Iter Loss 0.6711 | Iter Mean Loss 0.6815
2023-12-15 18:06:08,259 - root - INFO - KG & CF Training: Epoch 0009 Iter 0037 / 0041 | Time 0.2s | Iter Loss 0.6657 | Iter Mean Loss 0.6811
2023-12-15 18:06:08,447 - root - INFO - KG & CF Training: Epoch 0009 Iter 0038 / 0041 | Time 0.2s | Iter Loss 0.6697 | Iter Mean Loss 0.6808
2023-12-15 18:06:08,634 - root - INFO - KG & CF Training: Epoch 0009 Iter 0039 / 0041 | Time 0.2s | Iter Loss 0.6754 | Iter Mean Loss 0.6807
2023-12-15 18:06:08,821 - root - INFO - KG & CF Training: Epoch 0009 Iter 0040 / 0041 | Time 0.2s | Iter Loss 0.6659 | Iter Mean Loss 0.6803
2023-12-15 18:06:09,007 - root - INFO - KG & CF Training: Epoch 0009 Iter 0041 / 0041 | Time 0.2s | Iter Loss 0.6551 | Iter Mean Loss 0.6797
2023-12-15 18:06:09,007 - root - INFO - KG & CF Training: Epoch 0009 Total Iter 0041 | Total Time 7.6s | Iter Mean Loss 0.6797
2023-12-15 18:06:09,195 - root - INFO - KG & CF Training: Epoch 0010 Iter 0001 / 0041 | Time 0.2s | Iter Loss 0.6644 | Iter Mean Loss 0.6644
2023-12-15 18:06:09,380 - root - INFO - KG & CF Training: Epoch 0010 Iter 0002 / 0041 | Time 0.2s | Iter Loss 0.6613 | Iter Mean Loss 0.6629
2023-12-15 18:06:09,562 - root - INFO - KG & CF Training: Epoch 0010 Iter 0003 / 0041 | Time 0.2s | Iter Loss 0.6587 | Iter Mean Loss 0.6615
2023-12-15 18:06:09,745 - root - INFO - KG & CF Training: Epoch 0010 Iter 0004 / 0041 | Time 0.2s | Iter Loss 0.6550 | Iter Mean Loss 0.6599
2023-12-15 18:06:09,931 - root - INFO - KG & CF Training: Epoch 0010 Iter 0005 / 0041 | Time 0.2s | Iter Loss 0.6647 | Iter Mean Loss 0.6608
2023-12-15 18:06:10,119 - root - INFO - KG & CF Training: Epoch 0010 Iter 0006 / 0041 | Time 0.2s | Iter Loss 0.6526 | Iter Mean Loss 0.6595
2023-12-15 18:06:10,304 - root - INFO - KG & CF Training: Epoch 0010 Iter 0007 / 0041 | Time 0.2s | Iter Loss 0.6599 | Iter Mean Loss 0.6595
2023-12-15 18:06:10,492 - root - INFO - KG & CF Training: Epoch 0010 Iter 0008 / 0041 | Time 0.2s | Iter Loss 0.6598 | Iter Mean Loss 0.6596
2023-12-15 18:06:10,681 - root - INFO - KG & CF Training: Epoch 0010 Iter 0009 / 0041 | Time 0.2s | Iter Loss 0.6608 | Iter Mean Loss 0.6597
2023-12-15 18:06:10,868 - root - INFO - KG & CF Training: Epoch 0010 Iter 0010 / 0041 | Time 0.2s | Iter Loss 0.6581 | Iter Mean Loss 0.6595
2023-12-15 18:06:11,053 - root - INFO - KG & CF Training: Epoch 0010 Iter 0011 / 0041 | Time 0.2s | Iter Loss 0.6586 | Iter Mean Loss 0.6594
2023-12-15 18:06:11,240 - root - INFO - KG & CF Training: Epoch 0010 Iter 0012 / 0041 | Time 0.2s | Iter Loss 0.6527 | Iter Mean Loss 0.6589
2023-12-15 18:06:11,428 - root - INFO - KG & CF Training: Epoch 0010 Iter 0013 / 0041 | Time 0.2s | Iter Loss 0.6472 | Iter Mean Loss 0.6580
2023-12-15 18:06:11,613 - root - INFO - KG & CF Training: Epoch 0010 Iter 0014 / 0041 | Time 0.2s | Iter Loss 0.6530 | Iter Mean Loss 0.6576
2023-12-15 18:06:11,799 - root - INFO - KG & CF Training: Epoch 0010 Iter 0015 / 0041 | Time 0.2s | Iter Loss 0.6525 | Iter Mean Loss 0.6573
2023-12-15 18:06:11,984 - root - INFO - KG & CF Training: Epoch 0010 Iter 0016 / 0041 | Time 0.2s | Iter Loss 0.6563 | Iter Mean Loss 0.6572
2023-12-15 18:06:12,171 - root - INFO - KG & CF Training: Epoch 0010 Iter 0017 / 0041 | Time 0.2s | Iter Loss 0.6469 | Iter Mean Loss 0.6566
2023-12-15 18:06:12,354 - root - INFO - KG & CF Training: Epoch 0010 Iter 0018 / 0041 | Time 0.2s | Iter Loss 0.6508 | Iter Mean Loss 0.6563
2023-12-15 18:06:12,538 - root - INFO - KG & CF Training: Epoch 0010 Iter 0019 / 0041 | Time 0.2s | Iter Loss 0.6487 | Iter Mean Loss 0.6559
2023-12-15 18:06:12,724 - root - INFO - KG & CF Training: Epoch 0010 Iter 0020 / 0041 | Time 0.2s | Iter Loss 0.6433 | Iter Mean Loss 0.6553
2023-12-15 18:06:12,912 - root - INFO - KG & CF Training: Epoch 0010 Iter 0021 / 0041 | Time 0.2s | Iter Loss 0.6372 | Iter Mean Loss 0.6544
2023-12-15 18:06:13,097 - root - INFO - KG & CF Training: Epoch 0010 Iter 0022 / 0041 | Time 0.2s | Iter Loss 0.6510 | Iter Mean Loss 0.6543
2023-12-15 18:06:13,283 - root - INFO - KG & CF Training: Epoch 0010 Iter 0023 / 0041 | Time 0.2s | Iter Loss 0.6411 | Iter Mean Loss 0.6537
2023-12-15 18:06:13,470 - root - INFO - KG & CF Training: Epoch 0010 Iter 0024 / 0041 | Time 0.2s | Iter Loss 0.6544 | Iter Mean Loss 0.6537
2023-12-15 18:06:13,655 - root - INFO - KG & CF Training: Epoch 0010 Iter 0025 / 0041 | Time 0.2s | Iter Loss 0.6392 | Iter Mean Loss 0.6531
2023-12-15 18:06:13,840 - root - INFO - KG & CF Training: Epoch 0010 Iter 0026 / 0041 | Time 0.2s | Iter Loss 0.6445 | Iter Mean Loss 0.6528
2023-12-15 18:06:14,024 - root - INFO - KG & CF Training: Epoch 0010 Iter 0027 / 0041 | Time 0.2s | Iter Loss 0.6377 | Iter Mean Loss 0.6522
2023-12-15 18:06:14,207 - root - INFO - KG & CF Training: Epoch 0010 Iter 0028 / 0041 | Time 0.2s | Iter Loss 0.6444 | Iter Mean Loss 0.6520
2023-12-15 18:06:14,392 - root - INFO - KG & CF Training: Epoch 0010 Iter 0029 / 0041 | Time 0.2s | Iter Loss 0.6460 | Iter Mean Loss 0.6518
2023-12-15 18:06:14,577 - root - INFO - KG & CF Training: Epoch 0010 Iter 0030 / 0041 | Time 0.2s | Iter Loss 0.6394 | Iter Mean Loss 0.6513
2023-12-15 18:06:14,763 - root - INFO - KG & CF Training: Epoch 0010 Iter 0031 / 0041 | Time 0.2s | Iter Loss 0.6432 | Iter Mean Loss 0.6511
2023-12-15 18:06:14,948 - root - INFO - KG & CF Training: Epoch 0010 Iter 0032 / 0041 | Time 0.2s | Iter Loss 0.6334 | Iter Mean Loss 0.6505
2023-12-15 18:06:15,133 - root - INFO - KG & CF Training: Epoch 0010 Iter 0033 / 0041 | Time 0.2s | Iter Loss 0.6375 | Iter Mean Loss 0.6501
2023-12-15 18:06:15,322 - root - INFO - KG & CF Training: Epoch 0010 Iter 0034 / 0041 | Time 0.2s | Iter Loss 0.6310 | Iter Mean Loss 0.6496
2023-12-15 18:06:15,504 - root - INFO - KG & CF Training: Epoch 0010 Iter 0035 / 0041 | Time 0.2s | Iter Loss 0.6277 | Iter Mean Loss 0.6489
2023-12-15 18:06:15,690 - root - INFO - KG & CF Training: Epoch 0010 Iter 0036 / 0041 | Time 0.2s | Iter Loss 0.6280 | Iter Mean Loss 0.6484
2023-12-15 18:06:15,875 - root - INFO - KG & CF Training: Epoch 0010 Iter 0037 / 0041 | Time 0.2s | Iter Loss 0.6386 | Iter Mean Loss 0.6481
2023-12-15 18:06:16,060 - root - INFO - KG & CF Training: Epoch 0010 Iter 0038 / 0041 | Time 0.2s | Iter Loss 0.6344 | Iter Mean Loss 0.6477
2023-12-15 18:06:16,251 - root - INFO - KG & CF Training: Epoch 0010 Iter 0039 / 0041 | Time 0.2s | Iter Loss 0.6288 | Iter Mean Loss 0.6473
2023-12-15 18:06:16,437 - root - INFO - KG & CF Training: Epoch 0010 Iter 0040 / 0041 | Time 0.2s | Iter Loss 0.6394 | Iter Mean Loss 0.6471
2023-12-15 18:06:16,626 - root - INFO - KG & CF Training: Epoch 0010 Iter 0041 / 0041 | Time 0.2s | Iter Loss 0.6387 | Iter Mean Loss 0.6469
2023-12-15 18:06:16,627 - root - INFO - KG & CF Training: Epoch 0010 Total Iter 0041 | Total Time 7.6s | Iter Mean Loss 0.6469
