2023-12-15 18:07:16,871 - root - INFO - Namespace(KG_embedding_type='TransE', Ks='[5, 10]', cf_batch_size=1024, cf_l2loss_lambda=0.0001, cuda=False, data_dir='data/', data_name='Douban', embed_dim=32, evaluate_every=10, gpu_id=0, kg_batch_size=2048, kg_l2loss_lambda=0.0001, lr=0.001, n_epoch=1000, pretrain_model_path='trained_model/Embedding_based.pth', print_every=1, relation_dim=32, save_dir='trained_model/Douban/Embedding_based/dim32_lr0.001_l20.0001_TransE/', seed=2022, stopping_steps=10, test_batch_size=2048, use_pretrain=0)
2023-12-15 18:07:20,921 - root - INFO - n_users:      447
2023-12-15 18:07:20,922 - root - INFO - n_items:      578
2023-12-15 18:07:20,922 - root - INFO - n_entities:   1899
2023-12-15 18:07:20,922 - root - INFO - n_relations:  115
2023-12-15 18:07:20,922 - root - INFO - n_cf_train:   41830
2023-12-15 18:07:20,922 - root - INFO - n_cf_test:    10840
2023-12-15 18:07:20,922 - root - INFO - n_kg_data:    85402
2023-12-15 18:07:20,927 - root - INFO - Embedding_based(
  (user_embed): Embedding(447, 32)
  (item_embed): Embedding(578, 32)
  (entity_embed): Embedding(1899, 32)
  (relation_embed): Embedding(115, 32)
)
2023-12-15 18:07:21,063 - root - INFO - KG & CF Training: Epoch 0001 Iter 0001 / 0041 | Time 0.1s | Iter Loss 1.4300 | Iter Mean Loss 1.4300
2023-12-15 18:07:21,258 - root - INFO - KG & CF Training: Epoch 0001 Iter 0002 / 0041 | Time 0.2s | Iter Loss 1.4062 | Iter Mean Loss 1.4181
2023-12-15 18:07:21,451 - root - INFO - KG & CF Training: Epoch 0001 Iter 0003 / 0041 | Time 0.2s | Iter Loss 1.3848 | Iter Mean Loss 1.4070
2023-12-15 18:07:21,645 - root - INFO - KG & CF Training: Epoch 0001 Iter 0004 / 0041 | Time 0.2s | Iter Loss 1.3773 | Iter Mean Loss 1.3996
2023-12-15 18:07:21,838 - root - INFO - KG & CF Training: Epoch 0001 Iter 0005 / 0041 | Time 0.2s | Iter Loss 1.3534 | Iter Mean Loss 1.3904
2023-12-15 18:07:22,033 - root - INFO - KG & CF Training: Epoch 0001 Iter 0006 / 0041 | Time 0.2s | Iter Loss 1.3250 | Iter Mean Loss 1.3795
2023-12-15 18:07:22,230 - root - INFO - KG & CF Training: Epoch 0001 Iter 0007 / 0041 | Time 0.2s | Iter Loss 1.3225 | Iter Mean Loss 1.3713
2023-12-15 18:07:22,422 - root - INFO - KG & CF Training: Epoch 0001 Iter 0008 / 0041 | Time 0.2s | Iter Loss 1.2961 | Iter Mean Loss 1.3619
2023-12-15 18:07:22,615 - root - INFO - KG & CF Training: Epoch 0001 Iter 0009 / 0041 | Time 0.2s | Iter Loss 1.2810 | Iter Mean Loss 1.3529
2023-12-15 18:07:22,808 - root - INFO - KG & CF Training: Epoch 0001 Iter 0010 / 0041 | Time 0.2s | Iter Loss 1.2648 | Iter Mean Loss 1.3441
2023-12-15 18:07:23,000 - root - INFO - KG & CF Training: Epoch 0001 Iter 0011 / 0041 | Time 0.2s | Iter Loss 1.2502 | Iter Mean Loss 1.3356
2023-12-15 18:07:23,201 - root - INFO - KG & CF Training: Epoch 0001 Iter 0012 / 0041 | Time 0.2s | Iter Loss 1.2429 | Iter Mean Loss 1.3279
2023-12-15 18:07:23,393 - root - INFO - KG & CF Training: Epoch 0001 Iter 0013 / 0041 | Time 0.2s | Iter Loss 1.2227 | Iter Mean Loss 1.3198
2023-12-15 18:07:23,586 - root - INFO - KG & CF Training: Epoch 0001 Iter 0014 / 0041 | Time 0.2s | Iter Loss 1.1919 | Iter Mean Loss 1.3106
2023-12-15 18:07:23,778 - root - INFO - KG & CF Training: Epoch 0001 Iter 0015 / 0041 | Time 0.2s | Iter Loss 1.1917 | Iter Mean Loss 1.3027
2023-12-15 18:07:23,970 - root - INFO - KG & CF Training: Epoch 0001 Iter 0016 / 0041 | Time 0.2s | Iter Loss 1.1758 | Iter Mean Loss 1.2948
2023-12-15 18:07:24,163 - root - INFO - KG & CF Training: Epoch 0001 Iter 0017 / 0041 | Time 0.2s | Iter Loss 1.1602 | Iter Mean Loss 1.2869
2023-12-15 18:07:24,354 - root - INFO - KG & CF Training: Epoch 0001 Iter 0018 / 0041 | Time 0.2s | Iter Loss 1.1491 | Iter Mean Loss 1.2792
2023-12-15 18:07:24,551 - root - INFO - KG & CF Training: Epoch 0001 Iter 0019 / 0041 | Time 0.2s | Iter Loss 1.1364 | Iter Mean Loss 1.2717
2023-12-15 18:07:24,743 - root - INFO - KG & CF Training: Epoch 0001 Iter 0020 / 0041 | Time 0.2s | Iter Loss 1.1266 | Iter Mean Loss 1.2644
2023-12-15 18:07:24,937 - root - INFO - KG & CF Training: Epoch 0001 Iter 0021 / 0041 | Time 0.2s | Iter Loss 1.1235 | Iter Mean Loss 1.2577
2023-12-15 18:07:25,130 - root - INFO - KG & CF Training: Epoch 0001 Iter 0022 / 0041 | Time 0.2s | Iter Loss 1.1037 | Iter Mean Loss 1.2507
2023-12-15 18:07:25,323 - root - INFO - KG & CF Training: Epoch 0001 Iter 0023 / 0041 | Time 0.2s | Iter Loss 1.0894 | Iter Mean Loss 1.2437
2023-12-15 18:07:25,517 - root - INFO - KG & CF Training: Epoch 0001 Iter 0024 / 0041 | Time 0.2s | Iter Loss 1.0847 | Iter Mean Loss 1.2371
2023-12-15 18:07:25,720 - root - INFO - KG & CF Training: Epoch 0001 Iter 0025 / 0041 | Time 0.2s | Iter Loss 1.0776 | Iter Mean Loss 1.2307
2023-12-15 18:07:25,917 - root - INFO - KG & CF Training: Epoch 0001 Iter 0026 / 0041 | Time 0.2s | Iter Loss 1.0661 | Iter Mean Loss 1.2244
2023-12-15 18:07:26,112 - root - INFO - KG & CF Training: Epoch 0001 Iter 0027 / 0041 | Time 0.2s | Iter Loss 1.0629 | Iter Mean Loss 1.2184
2023-12-15 18:07:26,304 - root - INFO - KG & CF Training: Epoch 0001 Iter 0028 / 0041 | Time 0.2s | Iter Loss 1.0417 | Iter Mean Loss 1.2121
2023-12-15 18:07:26,498 - root - INFO - KG & CF Training: Epoch 0001 Iter 0029 / 0041 | Time 0.2s | Iter Loss 1.0363 | Iter Mean Loss 1.2060
2023-12-15 18:07:26,693 - root - INFO - KG & CF Training: Epoch 0001 Iter 0030 / 0041 | Time 0.2s | Iter Loss 1.0171 | Iter Mean Loss 1.1997
2023-12-15 18:07:26,892 - root - INFO - KG & CF Training: Epoch 0001 Iter 0031 / 0041 | Time 0.2s | Iter Loss 1.0119 | Iter Mean Loss 1.1937
2023-12-15 18:07:27,085 - root - INFO - KG & CF Training: Epoch 0001 Iter 0032 / 0041 | Time 0.2s | Iter Loss 1.0049 | Iter Mean Loss 1.1878
2023-12-15 18:07:27,278 - root - INFO - KG & CF Training: Epoch 0001 Iter 0033 / 0041 | Time 0.2s | Iter Loss 1.0049 | Iter Mean Loss 1.1822
2023-12-15 18:07:27,472 - root - INFO - KG & CF Training: Epoch 0001 Iter 0034 / 0041 | Time 0.2s | Iter Loss 0.9852 | Iter Mean Loss 1.1764
2023-12-15 18:07:27,663 - root - INFO - KG & CF Training: Epoch 0001 Iter 0035 / 0041 | Time 0.2s | Iter Loss 0.9936 | Iter Mean Loss 1.1712
2023-12-15 18:07:27,856 - root - INFO - KG & CF Training: Epoch 0001 Iter 0036 / 0041 | Time 0.2s | Iter Loss 0.9832 | Iter Mean Loss 1.1660
2023-12-15 18:07:28,049 - root - INFO - KG & CF Training: Epoch 0001 Iter 0037 / 0041 | Time 0.2s | Iter Loss 0.9686 | Iter Mean Loss 1.1606
2023-12-15 18:07:28,250 - root - INFO - KG & CF Training: Epoch 0001 Iter 0038 / 0041 | Time 0.2s | Iter Loss 0.9615 | Iter Mean Loss 1.1554
2023-12-15 18:07:28,446 - root - INFO - KG & CF Training: Epoch 0001 Iter 0039 / 0041 | Time 0.2s | Iter Loss 0.9601 | Iter Mean Loss 1.1504
2023-12-15 18:07:28,639 - root - INFO - KG & CF Training: Epoch 0001 Iter 0040 / 0041 | Time 0.2s | Iter Loss 0.9524 | Iter Mean Loss 1.1455
2023-12-15 18:07:28,832 - root - INFO - KG & CF Training: Epoch 0001 Iter 0041 / 0041 | Time 0.2s | Iter Loss 0.9430 | Iter Mean Loss 1.1405
2023-12-15 18:07:28,832 - root - INFO - KG & CF Training: Epoch 0001 Total Iter 0041 | Total Time 7.9s | Iter Mean Loss 1.1405
2023-12-15 18:07:29,028 - root - INFO - KG & CF Training: Epoch 0002 Iter 0001 / 0041 | Time 0.2s | Iter Loss 0.9434 | Iter Mean Loss 0.9434
2023-12-15 18:07:29,221 - root - INFO - KG & CF Training: Epoch 0002 Iter 0002 / 0041 | Time 0.2s | Iter Loss 0.9323 | Iter Mean Loss 0.9378
2023-12-15 18:07:29,415 - root - INFO - KG & CF Training: Epoch 0002 Iter 0003 / 0041 | Time 0.2s | Iter Loss 0.9287 | Iter Mean Loss 0.9348
2023-12-15 18:07:29,609 - root - INFO - KG & CF Training: Epoch 0002 Iter 0004 / 0041 | Time 0.2s | Iter Loss 0.9268 | Iter Mean Loss 0.9328
2023-12-15 18:07:29,801 - root - INFO - KG & CF Training: Epoch 0002 Iter 0005 / 0041 | Time 0.2s | Iter Loss 0.9250 | Iter Mean Loss 0.9313
2023-12-15 18:07:29,996 - root - INFO - KG & CF Training: Epoch 0002 Iter 0006 / 0041 | Time 0.2s | Iter Loss 0.9020 | Iter Mean Loss 0.9264
2023-12-15 18:07:30,188 - root - INFO - KG & CF Training: Epoch 0002 Iter 0007 / 0041 | Time 0.2s | Iter Loss 0.9022 | Iter Mean Loss 0.9229
2023-12-15 18:07:30,378 - root - INFO - KG & CF Training: Epoch 0002 Iter 0008 / 0041 | Time 0.2s | Iter Loss 0.9124 | Iter Mean Loss 0.9216
2023-12-15 18:07:30,572 - root - INFO - KG & CF Training: Epoch 0002 Iter 0009 / 0041 | Time 0.2s | Iter Loss 0.8996 | Iter Mean Loss 0.9192
2023-12-15 18:07:30,766 - root - INFO - KG & CF Training: Epoch 0002 Iter 0010 / 0041 | Time 0.2s | Iter Loss 0.8973 | Iter Mean Loss 0.9170
2023-12-15 18:07:30,962 - root - INFO - KG & CF Training: Epoch 0002 Iter 0011 / 0041 | Time 0.2s | Iter Loss 0.8967 | Iter Mean Loss 0.9151
2023-12-15 18:07:31,159 - root - INFO - KG & CF Training: Epoch 0002 Iter 0012 / 0041 | Time 0.2s | Iter Loss 0.8843 | Iter Mean Loss 0.9126
2023-12-15 18:07:31,353 - root - INFO - KG & CF Training: Epoch 0002 Iter 0013 / 0041 | Time 0.2s | Iter Loss 0.8949 | Iter Mean Loss 0.9112
2023-12-15 18:07:31,548 - root - INFO - KG & CF Training: Epoch 0002 Iter 0014 / 0041 | Time 0.2s | Iter Loss 0.8884 | Iter Mean Loss 0.9096
2023-12-15 18:07:31,742 - root - INFO - KG & CF Training: Epoch 0002 Iter 0015 / 0041 | Time 0.2s | Iter Loss 0.8836 | Iter Mean Loss 0.9078
2023-12-15 18:07:31,934 - root - INFO - KG & CF Training: Epoch 0002 Iter 0016 / 0041 | Time 0.2s | Iter Loss 0.8744 | Iter Mean Loss 0.9058
2023-12-15 18:07:32,128 - root - INFO - KG & CF Training: Epoch 0002 Iter 0017 / 0041 | Time 0.2s | Iter Loss 0.8793 | Iter Mean Loss 0.9042
2023-12-15 18:07:32,322 - root - INFO - KG & CF Training: Epoch 0002 Iter 0018 / 0041 | Time 0.2s | Iter Loss 0.8659 | Iter Mean Loss 0.9021
2023-12-15 18:07:32,517 - root - INFO - KG & CF Training: Epoch 0002 Iter 0019 / 0041 | Time 0.2s | Iter Loss 0.8634 | Iter Mean Loss 0.9000
2023-12-15 18:07:32,709 - root - INFO - KG & CF Training: Epoch 0002 Iter 0020 / 0041 | Time 0.2s | Iter Loss 0.8714 | Iter Mean Loss 0.8986
2023-12-15 18:07:32,904 - root - INFO - KG & CF Training: Epoch 0002 Iter 0021 / 0041 | Time 0.2s | Iter Loss 0.8689 | Iter Mean Loss 0.8972
2023-12-15 18:07:33,099 - root - INFO - KG & CF Training: Epoch 0002 Iter 0022 / 0041 | Time 0.2s | Iter Loss 0.8586 | Iter Mean Loss 0.8954
2023-12-15 18:07:33,293 - root - INFO - KG & CF Training: Epoch 0002 Iter 0023 / 0041 | Time 0.2s | Iter Loss 0.8519 | Iter Mean Loss 0.8935
2023-12-15 18:07:33,487 - root - INFO - KG & CF Training: Epoch 0002 Iter 0024 / 0041 | Time 0.2s | Iter Loss 0.8637 | Iter Mean Loss 0.8923
2023-12-15 18:07:33,681 - root - INFO - KG & CF Training: Epoch 0002 Iter 0025 / 0041 | Time 0.2s | Iter Loss 0.8429 | Iter Mean Loss 0.8903
2023-12-15 18:07:33,874 - root - INFO - KG & CF Training: Epoch 0002 Iter 0026 / 0041 | Time 0.2s | Iter Loss 0.8504 | Iter Mean Loss 0.8888
2023-12-15 18:07:34,070 - root - INFO - KG & CF Training: Epoch 0002 Iter 0027 / 0041 | Time 0.2s | Iter Loss 0.8538 | Iter Mean Loss 0.8875
2023-12-15 18:07:34,262 - root - INFO - KG & CF Training: Epoch 0002 Iter 0028 / 0041 | Time 0.2s | Iter Loss 0.8491 | Iter Mean Loss 0.8861
2023-12-15 18:07:34,457 - root - INFO - KG & CF Training: Epoch 0002 Iter 0029 / 0041 | Time 0.2s | Iter Loss 0.8367 | Iter Mean Loss 0.8844
2023-12-15 18:07:34,649 - root - INFO - KG & CF Training: Epoch 0002 Iter 0030 / 0041 | Time 0.2s | Iter Loss 0.8297 | Iter Mean Loss 0.8826
2023-12-15 18:07:34,843 - root - INFO - KG & CF Training: Epoch 0002 Iter 0031 / 0041 | Time 0.2s | Iter Loss 0.8393 | Iter Mean Loss 0.8812
2023-12-15 18:07:35,036 - root - INFO - KG & CF Training: Epoch 0002 Iter 0032 / 0041 | Time 0.2s | Iter Loss 0.8297 | Iter Mean Loss 0.8796
2023-12-15 18:07:35,230 - root - INFO - KG & CF Training: Epoch 0002 Iter 0033 / 0041 | Time 0.2s | Iter Loss 0.8330 | Iter Mean Loss 0.8782
2023-12-15 18:07:35,426 - root - INFO - KG & CF Training: Epoch 0002 Iter 0034 / 0041 | Time 0.2s | Iter Loss 0.8245 | Iter Mean Loss 0.8766
2023-12-15 18:07:35,622 - root - INFO - KG & CF Training: Epoch 0002 Iter 0035 / 0041 | Time 0.2s | Iter Loss 0.8229 | Iter Mean Loss 0.8751
2023-12-15 18:07:35,819 - root - INFO - KG & CF Training: Epoch 0002 Iter 0036 / 0041 | Time 0.2s | Iter Loss 0.8347 | Iter Mean Loss 0.8739
2023-12-15 18:07:36,015 - root - INFO - KG & CF Training: Epoch 0002 Iter 0037 / 0041 | Time 0.2s | Iter Loss 0.8262 | Iter Mean Loss 0.8727
2023-12-15 18:07:36,210 - root - INFO - KG & CF Training: Epoch 0002 Iter 0038 / 0041 | Time 0.2s | Iter Loss 0.8331 | Iter Mean Loss 0.8716
2023-12-15 18:07:36,404 - root - INFO - KG & CF Training: Epoch 0002 Iter 0039 / 0041 | Time 0.2s | Iter Loss 0.8234 | Iter Mean Loss 0.8704
2023-12-15 18:07:36,599 - root - INFO - KG & CF Training: Epoch 0002 Iter 0040 / 0041 | Time 0.2s | Iter Loss 0.8230 | Iter Mean Loss 0.8692
2023-12-15 18:07:36,794 - root - INFO - KG & CF Training: Epoch 0002 Iter 0041 / 0041 | Time 0.2s | Iter Loss 0.8252 | Iter Mean Loss 0.8681
2023-12-15 18:07:36,794 - root - INFO - KG & CF Training: Epoch 0002 Total Iter 0041 | Total Time 8.0s | Iter Mean Loss 0.8681
2023-12-15 18:07:36,985 - root - INFO - KG & CF Training: Epoch 0003 Iter 0001 / 0041 | Time 0.2s | Iter Loss 0.8276 | Iter Mean Loss 0.8276
2023-12-15 18:07:37,180 - root - INFO - KG & CF Training: Epoch 0003 Iter 0002 / 0041 | Time 0.2s | Iter Loss 0.8169 | Iter Mean Loss 0.8223
2023-12-15 18:07:37,373 - root - INFO - KG & CF Training: Epoch 0003 Iter 0003 / 0041 | Time 0.2s | Iter Loss 0.8222 | Iter Mean Loss 0.8223
2023-12-15 18:07:37,572 - root - INFO - KG & CF Training: Epoch 0003 Iter 0004 / 0041 | Time 0.2s | Iter Loss 0.8207 | Iter Mean Loss 0.8219
2023-12-15 18:07:37,768 - root - INFO - KG & CF Training: Epoch 0003 Iter 0005 / 0041 | Time 0.2s | Iter Loss 0.8131 | Iter Mean Loss 0.8201
2023-12-15 18:07:37,963 - root - INFO - KG & CF Training: Epoch 0003 Iter 0006 / 0041 | Time 0.2s | Iter Loss 0.8182 | Iter Mean Loss 0.8198
2023-12-15 18:07:38,158 - root - INFO - KG & CF Training: Epoch 0003 Iter 0007 / 0041 | Time 0.2s | Iter Loss 0.8210 | Iter Mean Loss 0.8200
2023-12-15 18:07:38,353 - root - INFO - KG & CF Training: Epoch 0003 Iter 0008 / 0041 | Time 0.2s | Iter Loss 0.8120 | Iter Mean Loss 0.8190
2023-12-15 18:07:38,547 - root - INFO - KG & CF Training: Epoch 0003 Iter 0009 / 0041 | Time 0.2s | Iter Loss 0.8103 | Iter Mean Loss 0.8180
2023-12-15 18:07:38,742 - root - INFO - KG & CF Training: Epoch 0003 Iter 0010 / 0041 | Time 0.2s | Iter Loss 0.8138 | Iter Mean Loss 0.8176
2023-12-15 18:07:38,936 - root - INFO - KG & CF Training: Epoch 0003 Iter 0011 / 0041 | Time 0.2s | Iter Loss 0.8080 | Iter Mean Loss 0.8167
2023-12-15 18:07:39,131 - root - INFO - KG & CF Training: Epoch 0003 Iter 0012 / 0041 | Time 0.2s | Iter Loss 0.8083 | Iter Mean Loss 0.8160
2023-12-15 18:07:39,323 - root - INFO - KG & CF Training: Epoch 0003 Iter 0013 / 0041 | Time 0.2s | Iter Loss 0.8071 | Iter Mean Loss 0.8153
2023-12-15 18:07:39,519 - root - INFO - KG & CF Training: Epoch 0003 Iter 0014 / 0041 | Time 0.2s | Iter Loss 0.8120 | Iter Mean Loss 0.8151
2023-12-15 18:07:39,721 - root - INFO - KG & CF Training: Epoch 0003 Iter 0015 / 0041 | Time 0.2s | Iter Loss 0.8046 | Iter Mean Loss 0.8144
2023-12-15 18:07:39,915 - root - INFO - KG & CF Training: Epoch 0003 Iter 0016 / 0041 | Time 0.2s | Iter Loss 0.8060 | Iter Mean Loss 0.8139
2023-12-15 18:07:40,110 - root - INFO - KG & CF Training: Epoch 0003 Iter 0017 / 0041 | Time 0.2s | Iter Loss 0.8079 | Iter Mean Loss 0.8135
2023-12-15 18:07:40,303 - root - INFO - KG & CF Training: Epoch 0003 Iter 0018 / 0041 | Time 0.2s | Iter Loss 0.8074 | Iter Mean Loss 0.8132
2023-12-15 18:07:40,494 - root - INFO - KG & CF Training: Epoch 0003 Iter 0019 / 0041 | Time 0.2s | Iter Loss 0.7961 | Iter Mean Loss 0.8123
2023-12-15 18:07:40,695 - root - INFO - KG & CF Training: Epoch 0003 Iter 0020 / 0041 | Time 0.2s | Iter Loss 0.8035 | Iter Mean Loss 0.8118
2023-12-15 18:07:40,891 - root - INFO - KG & CF Training: Epoch 0003 Iter 0021 / 0041 | Time 0.2s | Iter Loss 0.8102 | Iter Mean Loss 0.8118
2023-12-15 18:07:41,089 - root - INFO - KG & CF Training: Epoch 0003 Iter 0022 / 0041 | Time 0.2s | Iter Loss 0.7923 | Iter Mean Loss 0.8109
2023-12-15 18:07:41,285 - root - INFO - KG & CF Training: Epoch 0003 Iter 0023 / 0041 | Time 0.2s | Iter Loss 0.8029 | Iter Mean Loss 0.8105
2023-12-15 18:07:41,479 - root - INFO - KG & CF Training: Epoch 0003 Iter 0024 / 0041 | Time 0.2s | Iter Loss 0.7959 | Iter Mean Loss 0.8099
2023-12-15 18:07:41,672 - root - INFO - KG & CF Training: Epoch 0003 Iter 0025 / 0041 | Time 0.2s | Iter Loss 0.8001 | Iter Mean Loss 0.8095
2023-12-15 18:07:41,867 - root - INFO - KG & CF Training: Epoch 0003 Iter 0026 / 0041 | Time 0.2s | Iter Loss 0.7983 | Iter Mean Loss 0.8091
2023-12-15 18:07:42,060 - root - INFO - KG & CF Training: Epoch 0003 Iter 0027 / 0041 | Time 0.2s | Iter Loss 0.7911 | Iter Mean Loss 0.8084
2023-12-15 18:07:42,254 - root - INFO - KG & CF Training: Epoch 0003 Iter 0028 / 0041 | Time 0.2s | Iter Loss 0.7912 | Iter Mean Loss 0.8078
2023-12-15 18:07:42,447 - root - INFO - KG & CF Training: Epoch 0003 Iter 0029 / 0041 | Time 0.2s | Iter Loss 0.7907 | Iter Mean Loss 0.8072
2023-12-15 18:07:42,640 - root - INFO - KG & CF Training: Epoch 0003 Iter 0030 / 0041 | Time 0.2s | Iter Loss 0.7989 | Iter Mean Loss 0.8069
2023-12-15 18:07:42,835 - root - INFO - KG & CF Training: Epoch 0003 Iter 0031 / 0041 | Time 0.2s | Iter Loss 0.7914 | Iter Mean Loss 0.8064
2023-12-15 18:07:43,030 - root - INFO - KG & CF Training: Epoch 0003 Iter 0032 / 0041 | Time 0.2s | Iter Loss 0.7990 | Iter Mean Loss 0.8062
2023-12-15 18:07:43,223 - root - INFO - KG & CF Training: Epoch 0003 Iter 0033 / 0041 | Time 0.2s | Iter Loss 0.7944 | Iter Mean Loss 0.8059
2023-12-15 18:07:43,416 - root - INFO - KG & CF Training: Epoch 0003 Iter 0034 / 0041 | Time 0.2s | Iter Loss 0.7938 | Iter Mean Loss 0.8055
2023-12-15 18:07:43,614 - root - INFO - KG & CF Training: Epoch 0003 Iter 0035 / 0041 | Time 0.2s | Iter Loss 0.8001 | Iter Mean Loss 0.8053
2023-12-15 18:07:43,810 - root - INFO - KG & CF Training: Epoch 0003 Iter 0036 / 0041 | Time 0.2s | Iter Loss 0.7927 | Iter Mean Loss 0.8050
2023-12-15 18:07:44,007 - root - INFO - KG & CF Training: Epoch 0003 Iter 0037 / 0041 | Time 0.2s | Iter Loss 0.8052 | Iter Mean Loss 0.8050
2023-12-15 18:07:44,203 - root - INFO - KG & CF Training: Epoch 0003 Iter 0038 / 0041 | Time 0.2s | Iter Loss 0.7951 | Iter Mean Loss 0.8047
2023-12-15 18:07:44,396 - root - INFO - KG & CF Training: Epoch 0003 Iter 0039 / 0041 | Time 0.2s | Iter Loss 0.7908 | Iter Mean Loss 0.8044
2023-12-15 18:07:44,590 - root - INFO - KG & CF Training: Epoch 0003 Iter 0040 / 0041 | Time 0.2s | Iter Loss 0.7945 | Iter Mean Loss 0.8041
2023-12-15 18:07:44,783 - root - INFO - KG & CF Training: Epoch 0003 Iter 0041 / 0041 | Time 0.2s | Iter Loss 0.7895 | Iter Mean Loss 0.8038
2023-12-15 18:07:44,783 - root - INFO - KG & CF Training: Epoch 0003 Total Iter 0041 | Total Time 8.0s | Iter Mean Loss 0.8038
2023-12-15 18:07:44,979 - root - INFO - KG & CF Training: Epoch 0004 Iter 0001 / 0041 | Time 0.2s | Iter Loss 0.7918 | Iter Mean Loss 0.7918
2023-12-15 18:07:45,172 - root - INFO - KG & CF Training: Epoch 0004 Iter 0002 / 0041 | Time 0.2s | Iter Loss 0.7846 | Iter Mean Loss 0.7882
2023-12-15 18:07:45,366 - root - INFO - KG & CF Training: Epoch 0004 Iter 0003 / 0041 | Time 0.2s | Iter Loss 0.7896 | Iter Mean Loss 0.7887
2023-12-15 18:07:45,561 - root - INFO - KG & CF Training: Epoch 0004 Iter 0004 / 0041 | Time 0.2s | Iter Loss 0.7874 | Iter Mean Loss 0.7884
2023-12-15 18:07:45,755 - root - INFO - KG & CF Training: Epoch 0004 Iter 0005 / 0041 | Time 0.2s | Iter Loss 0.7839 | Iter Mean Loss 0.7875
2023-12-15 18:07:45,948 - root - INFO - KG & CF Training: Epoch 0004 Iter 0006 / 0041 | Time 0.2s | Iter Loss 0.7845 | Iter Mean Loss 0.7870
2023-12-15 18:07:46,143 - root - INFO - KG & CF Training: Epoch 0004 Iter 0007 / 0041 | Time 0.2s | Iter Loss 0.7884 | Iter Mean Loss 0.7872
2023-12-15 18:07:46,337 - root - INFO - KG & CF Training: Epoch 0004 Iter 0008 / 0041 | Time 0.2s | Iter Loss 0.7857 | Iter Mean Loss 0.7870
2023-12-15 18:07:46,533 - root - INFO - KG & CF Training: Epoch 0004 Iter 0009 / 0041 | Time 0.2s | Iter Loss 0.7852 | Iter Mean Loss 0.7868
2023-12-15 18:07:46,726 - root - INFO - KG & CF Training: Epoch 0004 Iter 0010 / 0041 | Time 0.2s | Iter Loss 0.7779 | Iter Mean Loss 0.7859
2023-12-15 18:07:46,921 - root - INFO - KG & CF Training: Epoch 0004 Iter 0011 / 0041 | Time 0.2s | Iter Loss 0.7759 | Iter Mean Loss 0.7850
2023-12-15 18:07:47,117 - root - INFO - KG & CF Training: Epoch 0004 Iter 0012 / 0041 | Time 0.2s | Iter Loss 0.7908 | Iter Mean Loss 0.7855
2023-12-15 18:07:47,310 - root - INFO - KG & CF Training: Epoch 0004 Iter 0013 / 0041 | Time 0.2s | Iter Loss 0.7828 | Iter Mean Loss 0.7853
2023-12-15 18:07:47,504 - root - INFO - KG & CF Training: Epoch 0004 Iter 0014 / 0041 | Time 0.2s | Iter Loss 0.7813 | Iter Mean Loss 0.7850
2023-12-15 18:07:47,696 - root - INFO - KG & CF Training: Epoch 0004 Iter 0015 / 0041 | Time 0.2s | Iter Loss 0.7778 | Iter Mean Loss 0.7845
2023-12-15 18:07:47,888 - root - INFO - KG & CF Training: Epoch 0004 Iter 0016 / 0041 | Time 0.2s | Iter Loss 0.7727 | Iter Mean Loss 0.7838
2023-12-15 18:07:48,082 - root - INFO - KG & CF Training: Epoch 0004 Iter 0017 / 0041 | Time 0.2s | Iter Loss 0.7833 | Iter Mean Loss 0.7837
2023-12-15 18:07:48,276 - root - INFO - KG & CF Training: Epoch 0004 Iter 0018 / 0041 | Time 0.2s | Iter Loss 0.7770 | Iter Mean Loss 0.7834
2023-12-15 18:07:48,468 - root - INFO - KG & CF Training: Epoch 0004 Iter 0019 / 0041 | Time 0.2s | Iter Loss 0.7879 | Iter Mean Loss 0.7836
2023-12-15 18:07:48,660 - root - INFO - KG & CF Training: Epoch 0004 Iter 0020 / 0041 | Time 0.2s | Iter Loss 0.7829 | Iter Mean Loss 0.7836
2023-12-15 18:07:48,852 - root - INFO - KG & CF Training: Epoch 0004 Iter 0021 / 0041 | Time 0.2s | Iter Loss 0.7747 | Iter Mean Loss 0.7832
2023-12-15 18:07:49,047 - root - INFO - KG & CF Training: Epoch 0004 Iter 0022 / 0041 | Time 0.2s | Iter Loss 0.7936 | Iter Mean Loss 0.7836
2023-12-15 18:07:49,240 - root - INFO - KG & CF Training: Epoch 0004 Iter 0023 / 0041 | Time 0.2s | Iter Loss 0.7722 | Iter Mean Loss 0.7831
2023-12-15 18:07:49,433 - root - INFO - KG & CF Training: Epoch 0004 Iter 0024 / 0041 | Time 0.2s | Iter Loss 0.7804 | Iter Mean Loss 0.7830
2023-12-15 18:07:49,626 - root - INFO - KG & CF Training: Epoch 0004 Iter 0025 / 0041 | Time 0.2s | Iter Loss 0.7754 | Iter Mean Loss 0.7827
2023-12-15 18:07:49,820 - root - INFO - KG & CF Training: Epoch 0004 Iter 0026 / 0041 | Time 0.2s | Iter Loss 0.7748 | Iter Mean Loss 0.7824
2023-12-15 18:07:50,015 - root - INFO - KG & CF Training: Epoch 0004 Iter 0027 / 0041 | Time 0.2s | Iter Loss 0.7811 | Iter Mean Loss 0.7824
2023-12-15 18:07:50,208 - root - INFO - KG & CF Training: Epoch 0004 Iter 0028 / 0041 | Time 0.2s | Iter Loss 0.7781 | Iter Mean Loss 0.7822
2023-12-15 18:07:50,402 - root - INFO - KG & CF Training: Epoch 0004 Iter 0029 / 0041 | Time 0.2s | Iter Loss 0.7770 | Iter Mean Loss 0.7820
2023-12-15 18:07:50,598 - root - INFO - KG & CF Training: Epoch 0004 Iter 0030 / 0041 | Time 0.2s | Iter Loss 0.7751 | Iter Mean Loss 0.7818
2023-12-15 18:07:50,793 - root - INFO - KG & CF Training: Epoch 0004 Iter 0031 / 0041 | Time 0.2s | Iter Loss 0.7783 | Iter Mean Loss 0.7817
2023-12-15 18:07:50,990 - root - INFO - KG & CF Training: Epoch 0004 Iter 0032 / 0041 | Time 0.2s | Iter Loss 0.7797 | Iter Mean Loss 0.7816
2023-12-15 18:07:51,182 - root - INFO - KG & CF Training: Epoch 0004 Iter 0033 / 0041 | Time 0.2s | Iter Loss 0.7695 | Iter Mean Loss 0.7813
2023-12-15 18:07:51,376 - root - INFO - KG & CF Training: Epoch 0004 Iter 0034 / 0041 | Time 0.2s | Iter Loss 0.7685 | Iter Mean Loss 0.7809
2023-12-15 18:07:51,568 - root - INFO - KG & CF Training: Epoch 0004 Iter 0035 / 0041 | Time 0.2s | Iter Loss 0.7700 | Iter Mean Loss 0.7806
2023-12-15 18:07:51,763 - root - INFO - KG & CF Training: Epoch 0004 Iter 0036 / 0041 | Time 0.2s | Iter Loss 0.7762 | Iter Mean Loss 0.7804
2023-12-15 18:07:51,958 - root - INFO - KG & CF Training: Epoch 0004 Iter 0037 / 0041 | Time 0.2s | Iter Loss 0.7775 | Iter Mean Loss 0.7804
2023-12-15 18:07:52,152 - root - INFO - KG & CF Training: Epoch 0004 Iter 0038 / 0041 | Time 0.2s | Iter Loss 0.7711 | Iter Mean Loss 0.7801
2023-12-15 18:07:52,348 - root - INFO - KG & CF Training: Epoch 0004 Iter 0039 / 0041 | Time 0.2s | Iter Loss 0.7760 | Iter Mean Loss 0.7800
2023-12-15 18:07:52,543 - root - INFO - KG & CF Training: Epoch 0004 Iter 0040 / 0041 | Time 0.2s | Iter Loss 0.7708 | Iter Mean Loss 0.7798
2023-12-15 18:07:52,736 - root - INFO - KG & CF Training: Epoch 0004 Iter 0041 / 0041 | Time 0.2s | Iter Loss 0.7729 | Iter Mean Loss 0.7796
2023-12-15 18:07:52,736 - root - INFO - KG & CF Training: Epoch 0004 Total Iter 0041 | Total Time 8.0s | Iter Mean Loss 0.7796
2023-12-15 18:07:52,930 - root - INFO - KG & CF Training: Epoch 0005 Iter 0001 / 0041 | Time 0.2s | Iter Loss 0.7741 | Iter Mean Loss 0.7741
2023-12-15 18:07:53,124 - root - INFO - KG & CF Training: Epoch 0005 Iter 0002 / 0041 | Time 0.2s | Iter Loss 0.7734 | Iter Mean Loss 0.7737
2023-12-15 18:07:53,317 - root - INFO - KG & CF Training: Epoch 0005 Iter 0003 / 0041 | Time 0.2s | Iter Loss 0.7687 | Iter Mean Loss 0.7721
2023-12-15 18:07:53,509 - root - INFO - KG & CF Training: Epoch 0005 Iter 0004 / 0041 | Time 0.2s | Iter Loss 0.7697 | Iter Mean Loss 0.7715
2023-12-15 18:07:53,702 - root - INFO - KG & CF Training: Epoch 0005 Iter 0005 / 0041 | Time 0.2s | Iter Loss 0.7714 | Iter Mean Loss 0.7715
2023-12-15 18:07:53,896 - root - INFO - KG & CF Training: Epoch 0005 Iter 0006 / 0041 | Time 0.2s | Iter Loss 0.7682 | Iter Mean Loss 0.7709
2023-12-15 18:07:54,088 - root - INFO - KG & CF Training: Epoch 0005 Iter 0007 / 0041 | Time 0.2s | Iter Loss 0.7691 | Iter Mean Loss 0.7707
2023-12-15 18:07:54,282 - root - INFO - KG & CF Training: Epoch 0005 Iter 0008 / 0041 | Time 0.2s | Iter Loss 0.7751 | Iter Mean Loss 0.7712
2023-12-15 18:07:54,475 - root - INFO - KG & CF Training: Epoch 0005 Iter 0009 / 0041 | Time 0.2s | Iter Loss 0.7656 | Iter Mean Loss 0.7706
2023-12-15 18:07:54,670 - root - INFO - KG & CF Training: Epoch 0005 Iter 0010 / 0041 | Time 0.2s | Iter Loss 0.7720 | Iter Mean Loss 0.7707
2023-12-15 18:07:54,866 - root - INFO - KG & CF Training: Epoch 0005 Iter 0011 / 0041 | Time 0.2s | Iter Loss 0.7658 | Iter Mean Loss 0.7703
2023-12-15 18:07:55,062 - root - INFO - KG & CF Training: Epoch 0005 Iter 0012 / 0041 | Time 0.2s | Iter Loss 0.7711 | Iter Mean Loss 0.7703
2023-12-15 18:07:55,257 - root - INFO - KG & CF Training: Epoch 0005 Iter 0013 / 0041 | Time 0.2s | Iter Loss 0.7729 | Iter Mean Loss 0.7705
2023-12-15 18:07:55,452 - root - INFO - KG & CF Training: Epoch 0005 Iter 0014 / 0041 | Time 0.2s | Iter Loss 0.7734 | Iter Mean Loss 0.7707
2023-12-15 18:07:55,647 - root - INFO - KG & CF Training: Epoch 0005 Iter 0015 / 0041 | Time 0.2s | Iter Loss 0.7664 | Iter Mean Loss 0.7705
2023-12-15 18:07:55,841 - root - INFO - KG & CF Training: Epoch 0005 Iter 0016 / 0041 | Time 0.2s | Iter Loss 0.7657 | Iter Mean Loss 0.7702
2023-12-15 18:07:56,035 - root - INFO - KG & CF Training: Epoch 0005 Iter 0017 / 0041 | Time 0.2s | Iter Loss 0.7633 | Iter Mean Loss 0.7698
2023-12-15 18:07:56,230 - root - INFO - KG & CF Training: Epoch 0005 Iter 0018 / 0041 | Time 0.2s | Iter Loss 0.7618 | Iter Mean Loss 0.7693
2023-12-15 18:07:56,425 - root - INFO - KG & CF Training: Epoch 0005 Iter 0019 / 0041 | Time 0.2s | Iter Loss 0.7662 | Iter Mean Loss 0.7692
2023-12-15 18:07:56,620 - root - INFO - KG & CF Training: Epoch 0005 Iter 0020 / 0041 | Time 0.2s | Iter Loss 0.7633 | Iter Mean Loss 0.7689
2023-12-15 18:07:56,822 - root - INFO - KG & CF Training: Epoch 0005 Iter 0021 / 0041 | Time 0.2s | Iter Loss 0.7598 | Iter Mean Loss 0.7684
2023-12-15 18:07:57,017 - root - INFO - KG & CF Training: Epoch 0005 Iter 0022 / 0041 | Time 0.2s | Iter Loss 0.7590 | Iter Mean Loss 0.7680
2023-12-15 18:07:57,214 - root - INFO - KG & CF Training: Epoch 0005 Iter 0023 / 0041 | Time 0.2s | Iter Loss 0.7629 | Iter Mean Loss 0.7678
2023-12-15 18:07:57,408 - root - INFO - KG & CF Training: Epoch 0005 Iter 0024 / 0041 | Time 0.2s | Iter Loss 0.7648 | Iter Mean Loss 0.7677
2023-12-15 18:07:57,603 - root - INFO - KG & CF Training: Epoch 0005 Iter 0025 / 0041 | Time 0.2s | Iter Loss 0.7609 | Iter Mean Loss 0.7674
2023-12-15 18:07:57,797 - root - INFO - KG & CF Training: Epoch 0005 Iter 0026 / 0041 | Time 0.2s | Iter Loss 0.7701 | Iter Mean Loss 0.7675
2023-12-15 18:07:57,991 - root - INFO - KG & CF Training: Epoch 0005 Iter 0027 / 0041 | Time 0.2s | Iter Loss 0.7553 | Iter Mean Loss 0.7670
2023-12-15 18:07:58,189 - root - INFO - KG & CF Training: Epoch 0005 Iter 0028 / 0041 | Time 0.2s | Iter Loss 0.7649 | Iter Mean Loss 0.7670
2023-12-15 18:07:58,384 - root - INFO - KG & CF Training: Epoch 0005 Iter 0029 / 0041 | Time 0.2s | Iter Loss 0.7551 | Iter Mean Loss 0.7666
2023-12-15 18:07:58,577 - root - INFO - KG & CF Training: Epoch 0005 Iter 0030 / 0041 | Time 0.2s | Iter Loss 0.7560 | Iter Mean Loss 0.7662
2023-12-15 18:07:58,779 - root - INFO - KG & CF Training: Epoch 0005 Iter 0031 / 0041 | Time 0.2s | Iter Loss 0.7662 | Iter Mean Loss 0.7662
2023-12-15 18:07:58,975 - root - INFO - KG & CF Training: Epoch 0005 Iter 0032 / 0041 | Time 0.2s | Iter Loss 0.7650 | Iter Mean Loss 0.7662
2023-12-15 18:07:59,171 - root - INFO - KG & CF Training: Epoch 0005 Iter 0033 / 0041 | Time 0.2s | Iter Loss 0.7622 | Iter Mean Loss 0.7660
2023-12-15 18:07:59,365 - root - INFO - KG & CF Training: Epoch 0005 Iter 0034 / 0041 | Time 0.2s | Iter Loss 0.7567 | Iter Mean Loss 0.7658
2023-12-15 18:07:59,561 - root - INFO - KG & CF Training: Epoch 0005 Iter 0035 / 0041 | Time 0.2s | Iter Loss 0.7656 | Iter Mean Loss 0.7658
2023-12-15 18:07:59,756 - root - INFO - KG & CF Training: Epoch 0005 Iter 0036 / 0041 | Time 0.2s | Iter Loss 0.7668 | Iter Mean Loss 0.7658
2023-12-15 18:07:59,950 - root - INFO - KG & CF Training: Epoch 0005 Iter 0037 / 0041 | Time 0.2s | Iter Loss 0.7520 | Iter Mean Loss 0.7654
2023-12-15 18:08:00,143 - root - INFO - KG & CF Training: Epoch 0005 Iter 0038 / 0041 | Time 0.2s | Iter Loss 0.7651 | Iter Mean Loss 0.7654
2023-12-15 18:08:00,338 - root - INFO - KG & CF Training: Epoch 0005 Iter 0039 / 0041 | Time 0.2s | Iter Loss 0.7669 | Iter Mean Loss 0.7654
2023-12-15 18:08:00,533 - root - INFO - KG & CF Training: Epoch 0005 Iter 0040 / 0041 | Time 0.2s | Iter Loss 0.7547 | Iter Mean Loss 0.7652
2023-12-15 18:08:00,726 - root - INFO - KG & CF Training: Epoch 0005 Iter 0041 / 0041 | Time 0.2s | Iter Loss 0.7477 | Iter Mean Loss 0.7648
2023-12-15 18:08:00,726 - root - INFO - KG & CF Training: Epoch 0005 Total Iter 0041 | Total Time 8.0s | Iter Mean Loss 0.7648
2023-12-15 18:08:00,925 - root - INFO - KG & CF Training: Epoch 0006 Iter 0001 / 0041 | Time 0.2s | Iter Loss 0.7570 | Iter Mean Loss 0.7570
2023-12-15 18:08:01,123 - root - INFO - KG & CF Training: Epoch 0006 Iter 0002 / 0041 | Time 0.2s | Iter Loss 0.7515 | Iter Mean Loss 0.7543
2023-12-15 18:08:01,316 - root - INFO - KG & CF Training: Epoch 0006 Iter 0003 / 0041 | Time 0.2s | Iter Loss 0.7547 | Iter Mean Loss 0.7544
2023-12-15 18:08:01,510 - root - INFO - KG & CF Training: Epoch 0006 Iter 0004 / 0041 | Time 0.2s | Iter Loss 0.7541 | Iter Mean Loss 0.7543
2023-12-15 18:08:01,703 - root - INFO - KG & CF Training: Epoch 0006 Iter 0005 / 0041 | Time 0.2s | Iter Loss 0.7490 | Iter Mean Loss 0.7533
2023-12-15 18:08:01,898 - root - INFO - KG & CF Training: Epoch 0006 Iter 0006 / 0041 | Time 0.2s | Iter Loss 0.7543 | Iter Mean Loss 0.7534
2023-12-15 18:08:02,093 - root - INFO - KG & CF Training: Epoch 0006 Iter 0007 / 0041 | Time 0.2s | Iter Loss 0.7548 | Iter Mean Loss 0.7536
2023-12-15 18:08:02,286 - root - INFO - KG & CF Training: Epoch 0006 Iter 0008 / 0041 | Time 0.2s | Iter Loss 0.7504 | Iter Mean Loss 0.7532
2023-12-15 18:08:02,482 - root - INFO - KG & CF Training: Epoch 0006 Iter 0009 / 0041 | Time 0.2s | Iter Loss 0.7509 | Iter Mean Loss 0.7530
2023-12-15 18:08:02,677 - root - INFO - KG & CF Training: Epoch 0006 Iter 0010 / 0041 | Time 0.2s | Iter Loss 0.7605 | Iter Mean Loss 0.7537
2023-12-15 18:08:02,873 - root - INFO - KG & CF Training: Epoch 0006 Iter 0011 / 0041 | Time 0.2s | Iter Loss 0.7557 | Iter Mean Loss 0.7539
2023-12-15 18:08:03,067 - root - INFO - KG & CF Training: Epoch 0006 Iter 0012 / 0041 | Time 0.2s | Iter Loss 0.7576 | Iter Mean Loss 0.7542
2023-12-15 18:08:03,262 - root - INFO - KG & CF Training: Epoch 0006 Iter 0013 / 0041 | Time 0.2s | Iter Loss 0.7470 | Iter Mean Loss 0.7536
2023-12-15 18:08:03,456 - root - INFO - KG & CF Training: Epoch 0006 Iter 0014 / 0041 | Time 0.2s | Iter Loss 0.7575 | Iter Mean Loss 0.7539
2023-12-15 18:08:03,648 - root - INFO - KG & CF Training: Epoch 0006 Iter 0015 / 0041 | Time 0.2s | Iter Loss 0.7448 | Iter Mean Loss 0.7533
2023-12-15 18:08:03,843 - root - INFO - KG & CF Training: Epoch 0006 Iter 0016 / 0041 | Time 0.2s | Iter Loss 0.7488 | Iter Mean Loss 0.7530
2023-12-15 18:08:04,039 - root - INFO - KG & CF Training: Epoch 0006 Iter 0017 / 0041 | Time 0.2s | Iter Loss 0.7564 | Iter Mean Loss 0.7532
2023-12-15 18:08:04,233 - root - INFO - KG & CF Training: Epoch 0006 Iter 0018 / 0041 | Time 0.2s | Iter Loss 0.7453 | Iter Mean Loss 0.7528
2023-12-15 18:08:04,427 - root - INFO - KG & CF Training: Epoch 0006 Iter 0019 / 0041 | Time 0.2s | Iter Loss 0.7461 | Iter Mean Loss 0.7524
2023-12-15 18:08:04,622 - root - INFO - KG & CF Training: Epoch 0006 Iter 0020 / 0041 | Time 0.2s | Iter Loss 0.7499 | Iter Mean Loss 0.7523
2023-12-15 18:08:04,817 - root - INFO - KG & CF Training: Epoch 0006 Iter 0021 / 0041 | Time 0.2s | Iter Loss 0.7452 | Iter Mean Loss 0.7520
2023-12-15 18:08:05,009 - root - INFO - KG & CF Training: Epoch 0006 Iter 0022 / 0041 | Time 0.2s | Iter Loss 0.7414 | Iter Mean Loss 0.7515
2023-12-15 18:08:05,202 - root - INFO - KG & CF Training: Epoch 0006 Iter 0023 / 0041 | Time 0.2s | Iter Loss 0.7509 | Iter Mean Loss 0.7515
2023-12-15 18:08:05,397 - root - INFO - KG & CF Training: Epoch 0006 Iter 0024 / 0041 | Time 0.2s | Iter Loss 0.7507 | Iter Mean Loss 0.7514
2023-12-15 18:08:05,591 - root - INFO - KG & CF Training: Epoch 0006 Iter 0025 / 0041 | Time 0.2s | Iter Loss 0.7475 | Iter Mean Loss 0.7513
2023-12-15 18:08:05,785 - root - INFO - KG & CF Training: Epoch 0006 Iter 0026 / 0041 | Time 0.2s | Iter Loss 0.7525 | Iter Mean Loss 0.7513
2023-12-15 18:08:05,978 - root - INFO - KG & CF Training: Epoch 0006 Iter 0027 / 0041 | Time 0.2s | Iter Loss 0.7376 | Iter Mean Loss 0.7508
2023-12-15 18:08:06,174 - root - INFO - KG & CF Training: Epoch 0006 Iter 0028 / 0041 | Time 0.2s | Iter Loss 0.7472 | Iter Mean Loss 0.7507
2023-12-15 18:08:06,370 - root - INFO - KG & CF Training: Epoch 0006 Iter 0029 / 0041 | Time 0.2s | Iter Loss 0.7469 | Iter Mean Loss 0.7506
2023-12-15 18:08:06,566 - root - INFO - KG & CF Training: Epoch 0006 Iter 0030 / 0041 | Time 0.2s | Iter Loss 0.7498 | Iter Mean Loss 0.7505
2023-12-15 18:08:06,762 - root - INFO - KG & CF Training: Epoch 0006 Iter 0031 / 0041 | Time 0.2s | Iter Loss 0.7521 | Iter Mean Loss 0.7506
2023-12-15 18:08:06,957 - root - INFO - KG & CF Training: Epoch 0006 Iter 0032 / 0041 | Time 0.2s | Iter Loss 0.7489 | Iter Mean Loss 0.7505
2023-12-15 18:08:07,153 - root - INFO - KG & CF Training: Epoch 0006 Iter 0033 / 0041 | Time 0.2s | Iter Loss 0.7453 | Iter Mean Loss 0.7504
2023-12-15 18:08:07,346 - root - INFO - KG & CF Training: Epoch 0006 Iter 0034 / 0041 | Time 0.2s | Iter Loss 0.7456 | Iter Mean Loss 0.7502
2023-12-15 18:08:07,540 - root - INFO - KG & CF Training: Epoch 0006 Iter 0035 / 0041 | Time 0.2s | Iter Loss 0.7432 | Iter Mean Loss 0.7500
2023-12-15 18:08:07,735 - root - INFO - KG & CF Training: Epoch 0006 Iter 0036 / 0041 | Time 0.2s | Iter Loss 0.7431 | Iter Mean Loss 0.7498
2023-12-15 18:08:07,929 - root - INFO - KG & CF Training: Epoch 0006 Iter 0037 / 0041 | Time 0.2s | Iter Loss 0.7423 | Iter Mean Loss 0.7496
2023-12-15 18:08:08,123 - root - INFO - KG & CF Training: Epoch 0006 Iter 0038 / 0041 | Time 0.2s | Iter Loss 0.7408 | Iter Mean Loss 0.7494
2023-12-15 18:08:08,316 - root - INFO - KG & CF Training: Epoch 0006 Iter 0039 / 0041 | Time 0.2s | Iter Loss 0.7427 | Iter Mean Loss 0.7492
2023-12-15 18:08:08,514 - root - INFO - KG & CF Training: Epoch 0006 Iter 0040 / 0041 | Time 0.2s | Iter Loss 0.7486 | Iter Mean Loss 0.7492
2023-12-15 18:08:08,710 - root - INFO - KG & CF Training: Epoch 0006 Iter 0041 / 0041 | Time 0.2s | Iter Loss 0.7466 | Iter Mean Loss 0.7492
2023-12-15 18:08:08,710 - root - INFO - KG & CF Training: Epoch 0006 Total Iter 0041 | Total Time 8.0s | Iter Mean Loss 0.7492
2023-12-15 18:08:08,905 - root - INFO - KG & CF Training: Epoch 0007 Iter 0001 / 0041 | Time 0.2s | Iter Loss 0.7432 | Iter Mean Loss 0.7432
2023-12-15 18:08:09,097 - root - INFO - KG & CF Training: Epoch 0007 Iter 0002 / 0041 | Time 0.2s | Iter Loss 0.7379 | Iter Mean Loss 0.7406
2023-12-15 18:08:09,291 - root - INFO - KG & CF Training: Epoch 0007 Iter 0003 / 0041 | Time 0.2s | Iter Loss 0.7356 | Iter Mean Loss 0.7389
2023-12-15 18:08:09,487 - root - INFO - KG & CF Training: Epoch 0007 Iter 0004 / 0041 | Time 0.2s | Iter Loss 0.7378 | Iter Mean Loss 0.7386
2023-12-15 18:08:09,681 - root - INFO - KG & CF Training: Epoch 0007 Iter 0005 / 0041 | Time 0.2s | Iter Loss 0.7380 | Iter Mean Loss 0.7385
2023-12-15 18:08:09,876 - root - INFO - KG & CF Training: Epoch 0007 Iter 0006 / 0041 | Time 0.2s | Iter Loss 0.7425 | Iter Mean Loss 0.7392
2023-12-15 18:08:10,069 - root - INFO - KG & CF Training: Epoch 0007 Iter 0007 / 0041 | Time 0.2s | Iter Loss 0.7375 | Iter Mean Loss 0.7389
2023-12-15 18:08:10,263 - root - INFO - KG & CF Training: Epoch 0007 Iter 0008 / 0041 | Time 0.2s | Iter Loss 0.7381 | Iter Mean Loss 0.7388
2023-12-15 18:08:10,457 - root - INFO - KG & CF Training: Epoch 0007 Iter 0009 / 0041 | Time 0.2s | Iter Loss 0.7301 | Iter Mean Loss 0.7379
2023-12-15 18:08:10,648 - root - INFO - KG & CF Training: Epoch 0007 Iter 0010 / 0041 | Time 0.2s | Iter Loss 0.7326 | Iter Mean Loss 0.7373
2023-12-15 18:08:10,843 - root - INFO - KG & CF Training: Epoch 0007 Iter 0011 / 0041 | Time 0.2s | Iter Loss 0.7337 | Iter Mean Loss 0.7370
2023-12-15 18:08:11,038 - root - INFO - KG & CF Training: Epoch 0007 Iter 0012 / 0041 | Time 0.2s | Iter Loss 0.7356 | Iter Mean Loss 0.7369
2023-12-15 18:08:11,232 - root - INFO - KG & CF Training: Epoch 0007 Iter 0013 / 0041 | Time 0.2s | Iter Loss 0.7358 | Iter Mean Loss 0.7368
2023-12-15 18:08:11,425 - root - INFO - KG & CF Training: Epoch 0007 Iter 0014 / 0041 | Time 0.2s | Iter Loss 0.7326 | Iter Mean Loss 0.7365
2023-12-15 18:08:11,617 - root - INFO - KG & CF Training: Epoch 0007 Iter 0015 / 0041 | Time 0.2s | Iter Loss 0.7262 | Iter Mean Loss 0.7358
2023-12-15 18:08:11,811 - root - INFO - KG & CF Training: Epoch 0007 Iter 0016 / 0041 | Time 0.2s | Iter Loss 0.7364 | Iter Mean Loss 0.7359
2023-12-15 18:08:12,007 - root - INFO - KG & CF Training: Epoch 0007 Iter 0017 / 0041 | Time 0.2s | Iter Loss 0.7320 | Iter Mean Loss 0.7356
2023-12-15 18:08:12,201 - root - INFO - KG & CF Training: Epoch 0007 Iter 0018 / 0041 | Time 0.2s | Iter Loss 0.7285 | Iter Mean Loss 0.7352
2023-12-15 18:08:12,396 - root - INFO - KG & CF Training: Epoch 0007 Iter 0019 / 0041 | Time 0.2s | Iter Loss 0.7361 | Iter Mean Loss 0.7353
2023-12-15 18:08:12,590 - root - INFO - KG & CF Training: Epoch 0007 Iter 0020 / 0041 | Time 0.2s | Iter Loss 0.7317 | Iter Mean Loss 0.7351
2023-12-15 18:08:12,785 - root - INFO - KG & CF Training: Epoch 0007 Iter 0021 / 0041 | Time 0.2s | Iter Loss 0.7324 | Iter Mean Loss 0.7350
2023-12-15 18:08:12,979 - root - INFO - KG & CF Training: Epoch 0007 Iter 0022 / 0041 | Time 0.2s | Iter Loss 0.7329 | Iter Mean Loss 0.7349
2023-12-15 18:08:13,175 - root - INFO - KG & CF Training: Epoch 0007 Iter 0023 / 0041 | Time 0.2s | Iter Loss 0.7362 | Iter Mean Loss 0.7349
2023-12-15 18:08:13,367 - root - INFO - KG & CF Training: Epoch 0007 Iter 0024 / 0041 | Time 0.2s | Iter Loss 0.7276 | Iter Mean Loss 0.7346
2023-12-15 18:08:13,561 - root - INFO - KG & CF Training: Epoch 0007 Iter 0025 / 0041 | Time 0.2s | Iter Loss 0.7230 | Iter Mean Loss 0.7342
2023-12-15 18:08:13,756 - root - INFO - KG & CF Training: Epoch 0007 Iter 0026 / 0041 | Time 0.2s | Iter Loss 0.7252 | Iter Mean Loss 0.7338
2023-12-15 18:08:13,947 - root - INFO - KG & CF Training: Epoch 0007 Iter 0027 / 0041 | Time 0.2s | Iter Loss 0.7220 | Iter Mean Loss 0.7334
2023-12-15 18:08:14,142 - root - INFO - KG & CF Training: Epoch 0007 Iter 0028 / 0041 | Time 0.2s | Iter Loss 0.7206 | Iter Mean Loss 0.7329
2023-12-15 18:08:14,333 - root - INFO - KG & CF Training: Epoch 0007 Iter 0029 / 0041 | Time 0.2s | Iter Loss 0.7325 | Iter Mean Loss 0.7329
2023-12-15 18:08:14,526 - root - INFO - KG & CF Training: Epoch 0007 Iter 0030 / 0041 | Time 0.2s | Iter Loss 0.7288 | Iter Mean Loss 0.7328
2023-12-15 18:08:14,721 - root - INFO - KG & CF Training: Epoch 0007 Iter 0031 / 0041 | Time 0.2s | Iter Loss 0.7206 | Iter Mean Loss 0.7324
2023-12-15 18:08:14,916 - root - INFO - KG & CF Training: Epoch 0007 Iter 0032 / 0041 | Time 0.2s | Iter Loss 0.7229 | Iter Mean Loss 0.7321
2023-12-15 18:08:15,110 - root - INFO - KG & CF Training: Epoch 0007 Iter 0033 / 0041 | Time 0.2s | Iter Loss 0.7223 | Iter Mean Loss 0.7318
2023-12-15 18:08:15,280 - root - INFO - KG & CF Training: Epoch 0007 Iter 0034 / 0041 | Time 0.2s | Iter Loss 0.7284 | Iter Mean Loss 0.7317
2023-12-15 18:08:15,397 - root - INFO - KG & CF Training: Epoch 0007 Iter 0035 / 0041 | Time 0.1s | Iter Loss 0.7153 | Iter Mean Loss 0.7312
2023-12-15 18:08:15,514 - root - INFO - KG & CF Training: Epoch 0007 Iter 0036 / 0041 | Time 0.1s | Iter Loss 0.7191 | Iter Mean Loss 0.7309
2023-12-15 18:08:15,632 - root - INFO - KG & CF Training: Epoch 0007 Iter 0037 / 0041 | Time 0.1s | Iter Loss 0.7195 | Iter Mean Loss 0.7306
2023-12-15 18:08:15,751 - root - INFO - KG & CF Training: Epoch 0007 Iter 0038 / 0041 | Time 0.1s | Iter Loss 0.7147 | Iter Mean Loss 0.7302
2023-12-15 18:08:15,870 - root - INFO - KG & CF Training: Epoch 0007 Iter 0039 / 0041 | Time 0.1s | Iter Loss 0.7277 | Iter Mean Loss 0.7301
2023-12-15 18:08:15,992 - root - INFO - KG & CF Training: Epoch 0007 Iter 0040 / 0041 | Time 0.1s | Iter Loss 0.7282 | Iter Mean Loss 0.7301
2023-12-15 18:08:16,111 - root - INFO - KG & CF Training: Epoch 0007 Iter 0041 / 0041 | Time 0.1s | Iter Loss 0.7147 | Iter Mean Loss 0.7297
2023-12-15 18:08:16,111 - root - INFO - KG & CF Training: Epoch 0007 Total Iter 0041 | Total Time 7.4s | Iter Mean Loss 0.7297
2023-12-15 18:08:16,230 - root - INFO - KG & CF Training: Epoch 0008 Iter 0001 / 0041 | Time 0.1s | Iter Loss 0.7207 | Iter Mean Loss 0.7207
2023-12-15 18:08:16,348 - root - INFO - KG & CF Training: Epoch 0008 Iter 0002 / 0041 | Time 0.1s | Iter Loss 0.7177 | Iter Mean Loss 0.7192
2023-12-15 18:08:16,465 - root - INFO - KG & CF Training: Epoch 0008 Iter 0003 / 0041 | Time 0.1s | Iter Loss 0.7199 | Iter Mean Loss 0.7195
2023-12-15 18:08:16,583 - root - INFO - KG & CF Training: Epoch 0008 Iter 0004 / 0041 | Time 0.1s | Iter Loss 0.7107 | Iter Mean Loss 0.7173
2023-12-15 18:08:16,701 - root - INFO - KG & CF Training: Epoch 0008 Iter 0005 / 0041 | Time 0.1s | Iter Loss 0.7132 | Iter Mean Loss 0.7164
2023-12-15 18:08:16,817 - root - INFO - KG & CF Training: Epoch 0008 Iter 0006 / 0041 | Time 0.1s | Iter Loss 0.7174 | Iter Mean Loss 0.7166
2023-12-15 18:08:16,936 - root - INFO - KG & CF Training: Epoch 0008 Iter 0007 / 0041 | Time 0.1s | Iter Loss 0.7165 | Iter Mean Loss 0.7166
2023-12-15 18:08:17,054 - root - INFO - KG & CF Training: Epoch 0008 Iter 0008 / 0041 | Time 0.1s | Iter Loss 0.7074 | Iter Mean Loss 0.7154
2023-12-15 18:08:17,173 - root - INFO - KG & CF Training: Epoch 0008 Iter 0009 / 0041 | Time 0.1s | Iter Loss 0.7150 | Iter Mean Loss 0.7154
2023-12-15 18:08:17,293 - root - INFO - KG & CF Training: Epoch 0008 Iter 0010 / 0041 | Time 0.1s | Iter Loss 0.7213 | Iter Mean Loss 0.7160
2023-12-15 18:08:17,412 - root - INFO - KG & CF Training: Epoch 0008 Iter 0011 / 0041 | Time 0.1s | Iter Loss 0.7233 | Iter Mean Loss 0.7167
2023-12-15 18:08:17,531 - root - INFO - KG & CF Training: Epoch 0008 Iter 0012 / 0041 | Time 0.1s | Iter Loss 0.7192 | Iter Mean Loss 0.7169
2023-12-15 18:08:17,652 - root - INFO - KG & CF Training: Epoch 0008 Iter 0013 / 0041 | Time 0.1s | Iter Loss 0.7065 | Iter Mean Loss 0.7161
2023-12-15 18:08:17,769 - root - INFO - KG & CF Training: Epoch 0008 Iter 0014 / 0041 | Time 0.1s | Iter Loss 0.7060 | Iter Mean Loss 0.7154
2023-12-15 18:08:17,888 - root - INFO - KG & CF Training: Epoch 0008 Iter 0015 / 0041 | Time 0.1s | Iter Loss 0.7093 | Iter Mean Loss 0.7149
2023-12-15 18:08:18,006 - root - INFO - KG & CF Training: Epoch 0008 Iter 0016 / 0041 | Time 0.1s | Iter Loss 0.7097 | Iter Mean Loss 0.7146
2023-12-15 18:08:18,123 - root - INFO - KG & CF Training: Epoch 0008 Iter 0017 / 0041 | Time 0.1s | Iter Loss 0.7019 | Iter Mean Loss 0.7139
2023-12-15 18:08:18,242 - root - INFO - KG & CF Training: Epoch 0008 Iter 0018 / 0041 | Time 0.1s | Iter Loss 0.7141 | Iter Mean Loss 0.7139
2023-12-15 18:08:18,360 - root - INFO - KG & CF Training: Epoch 0008 Iter 0019 / 0041 | Time 0.1s | Iter Loss 0.7085 | Iter Mean Loss 0.7136
2023-12-15 18:08:18,480 - root - INFO - KG & CF Training: Epoch 0008 Iter 0020 / 0041 | Time 0.1s | Iter Loss 0.7102 | Iter Mean Loss 0.7134
2023-12-15 18:08:18,600 - root - INFO - KG & CF Training: Epoch 0008 Iter 0021 / 0041 | Time 0.1s | Iter Loss 0.7058 | Iter Mean Loss 0.7131
2023-12-15 18:08:18,718 - root - INFO - KG & CF Training: Epoch 0008 Iter 0022 / 0041 | Time 0.1s | Iter Loss 0.7073 | Iter Mean Loss 0.7128
2023-12-15 18:08:18,838 - root - INFO - KG & CF Training: Epoch 0008 Iter 0023 / 0041 | Time 0.1s | Iter Loss 0.7111 | Iter Mean Loss 0.7127
2023-12-15 18:08:18,956 - root - INFO - KG & CF Training: Epoch 0008 Iter 0024 / 0041 | Time 0.1s | Iter Loss 0.7068 | Iter Mean Loss 0.7125
2023-12-15 18:08:19,075 - root - INFO - KG & CF Training: Epoch 0008 Iter 0025 / 0041 | Time 0.1s | Iter Loss 0.7119 | Iter Mean Loss 0.7125
2023-12-15 18:08:19,193 - root - INFO - KG & CF Training: Epoch 0008 Iter 0026 / 0041 | Time 0.1s | Iter Loss 0.7057 | Iter Mean Loss 0.7122
2023-12-15 18:08:19,313 - root - INFO - KG & CF Training: Epoch 0008 Iter 0027 / 0041 | Time 0.1s | Iter Loss 0.7142 | Iter Mean Loss 0.7123
2023-12-15 18:08:19,432 - root - INFO - KG & CF Training: Epoch 0008 Iter 0028 / 0041 | Time 0.1s | Iter Loss 0.7037 | Iter Mean Loss 0.7120
2023-12-15 18:08:19,550 - root - INFO - KG & CF Training: Epoch 0008 Iter 0029 / 0041 | Time 0.1s | Iter Loss 0.6953 | Iter Mean Loss 0.7114
2023-12-15 18:08:19,668 - root - INFO - KG & CF Training: Epoch 0008 Iter 0030 / 0041 | Time 0.1s | Iter Loss 0.6965 | Iter Mean Loss 0.7109
2023-12-15 18:08:19,787 - root - INFO - KG & CF Training: Epoch 0008 Iter 0031 / 0041 | Time 0.1s | Iter Loss 0.7006 | Iter Mean Loss 0.7106
2023-12-15 18:08:19,906 - root - INFO - KG & CF Training: Epoch 0008 Iter 0032 / 0041 | Time 0.1s | Iter Loss 0.7001 | Iter Mean Loss 0.7102
2023-12-15 18:08:20,023 - root - INFO - KG & CF Training: Epoch 0008 Iter 0033 / 0041 | Time 0.1s | Iter Loss 0.7019 | Iter Mean Loss 0.7100
2023-12-15 18:08:20,141 - root - INFO - KG & CF Training: Epoch 0008 Iter 0034 / 0041 | Time 0.1s | Iter Loss 0.7073 | Iter Mean Loss 0.7099
2023-12-15 18:08:20,260 - root - INFO - KG & CF Training: Epoch 0008 Iter 0035 / 0041 | Time 0.1s | Iter Loss 0.6956 | Iter Mean Loss 0.7095
2023-12-15 18:08:20,382 - root - INFO - KG & CF Training: Epoch 0008 Iter 0036 / 0041 | Time 0.1s | Iter Loss 0.7045 | Iter Mean Loss 0.7094
2023-12-15 18:08:20,502 - root - INFO - KG & CF Training: Epoch 0008 Iter 0037 / 0041 | Time 0.1s | Iter Loss 0.6973 | Iter Mean Loss 0.7090
2023-12-15 18:08:20,619 - root - INFO - KG & CF Training: Epoch 0008 Iter 0038 / 0041 | Time 0.1s | Iter Loss 0.6893 | Iter Mean Loss 0.7085
2023-12-15 18:08:20,736 - root - INFO - KG & CF Training: Epoch 0008 Iter 0039 / 0041 | Time 0.1s | Iter Loss 0.6929 | Iter Mean Loss 0.7081
2023-12-15 18:08:20,856 - root - INFO - KG & CF Training: Epoch 0008 Iter 0040 / 0041 | Time 0.1s | Iter Loss 0.7012 | Iter Mean Loss 0.7079
2023-12-15 18:08:20,980 - root - INFO - KG & CF Training: Epoch 0008 Iter 0041 / 0041 | Time 0.1s | Iter Loss 0.7017 | Iter Mean Loss 0.7078
2023-12-15 18:08:20,980 - root - INFO - KG & CF Training: Epoch 0008 Total Iter 0041 | Total Time 4.9s | Iter Mean Loss 0.7078
2023-12-15 18:08:21,100 - root - INFO - KG & CF Training: Epoch 0009 Iter 0001 / 0041 | Time 0.1s | Iter Loss 0.6947 | Iter Mean Loss 0.6947
2023-12-15 18:08:21,219 - root - INFO - KG & CF Training: Epoch 0009 Iter 0002 / 0041 | Time 0.1s | Iter Loss 0.7001 | Iter Mean Loss 0.6974
2023-12-15 18:08:21,339 - root - INFO - KG & CF Training: Epoch 0009 Iter 0003 / 0041 | Time 0.1s | Iter Loss 0.7020 | Iter Mean Loss 0.6989
2023-12-15 18:08:21,459 - root - INFO - KG & CF Training: Epoch 0009 Iter 0004 / 0041 | Time 0.1s | Iter Loss 0.6968 | Iter Mean Loss 0.6984
2023-12-15 18:08:21,577 - root - INFO - KG & CF Training: Epoch 0009 Iter 0005 / 0041 | Time 0.1s | Iter Loss 0.6858 | Iter Mean Loss 0.6959
2023-12-15 18:08:21,695 - root - INFO - KG & CF Training: Epoch 0009 Iter 0006 / 0041 | Time 0.1s | Iter Loss 0.6846 | Iter Mean Loss 0.6940
2023-12-15 18:08:21,814 - root - INFO - KG & CF Training: Epoch 0009 Iter 0007 / 0041 | Time 0.1s | Iter Loss 0.6945 | Iter Mean Loss 0.6941
2023-12-15 18:08:21,933 - root - INFO - KG & CF Training: Epoch 0009 Iter 0008 / 0041 | Time 0.1s | Iter Loss 0.6881 | Iter Mean Loss 0.6933
2023-12-15 18:08:22,052 - root - INFO - KG & CF Training: Epoch 0009 Iter 0009 / 0041 | Time 0.1s | Iter Loss 0.6860 | Iter Mean Loss 0.6925
2023-12-15 18:08:22,169 - root - INFO - KG & CF Training: Epoch 0009 Iter 0010 / 0041 | Time 0.1s | Iter Loss 0.6895 | Iter Mean Loss 0.6922
2023-12-15 18:08:22,287 - root - INFO - KG & CF Training: Epoch 0009 Iter 0011 / 0041 | Time 0.1s | Iter Loss 0.6797 | Iter Mean Loss 0.6911
2023-12-15 18:08:22,405 - root - INFO - KG & CF Training: Epoch 0009 Iter 0012 / 0041 | Time 0.1s | Iter Loss 0.6845 | Iter Mean Loss 0.6905
2023-12-15 18:08:22,523 - root - INFO - KG & CF Training: Epoch 0009 Iter 0013 / 0041 | Time 0.1s | Iter Loss 0.6823 | Iter Mean Loss 0.6899
2023-12-15 18:08:22,641 - root - INFO - KG & CF Training: Epoch 0009 Iter 0014 / 0041 | Time 0.1s | Iter Loss 0.6892 | Iter Mean Loss 0.6898
2023-12-15 18:08:22,762 - root - INFO - KG & CF Training: Epoch 0009 Iter 0015 / 0041 | Time 0.1s | Iter Loss 0.6851 | Iter Mean Loss 0.6895
2023-12-15 18:08:22,882 - root - INFO - KG & CF Training: Epoch 0009 Iter 0016 / 0041 | Time 0.1s | Iter Loss 0.6923 | Iter Mean Loss 0.6897
2023-12-15 18:08:23,000 - root - INFO - KG & CF Training: Epoch 0009 Iter 0017 / 0041 | Time 0.1s | Iter Loss 0.6774 | Iter Mean Loss 0.6890
2023-12-15 18:08:23,119 - root - INFO - KG & CF Training: Epoch 0009 Iter 0018 / 0041 | Time 0.1s | Iter Loss 0.6761 | Iter Mean Loss 0.6883
2023-12-15 18:08:23,238 - root - INFO - KG & CF Training: Epoch 0009 Iter 0019 / 0041 | Time 0.1s | Iter Loss 0.6785 | Iter Mean Loss 0.6877
2023-12-15 18:08:23,357 - root - INFO - KG & CF Training: Epoch 0009 Iter 0020 / 0041 | Time 0.1s | Iter Loss 0.6787 | Iter Mean Loss 0.6873
2023-12-15 18:08:23,475 - root - INFO - KG & CF Training: Epoch 0009 Iter 0021 / 0041 | Time 0.1s | Iter Loss 0.6787 | Iter Mean Loss 0.6869
2023-12-15 18:08:23,592 - root - INFO - KG & CF Training: Epoch 0009 Iter 0022 / 0041 | Time 0.1s | Iter Loss 0.6741 | Iter Mean Loss 0.6863
2023-12-15 18:08:23,711 - root - INFO - KG & CF Training: Epoch 0009 Iter 0023 / 0041 | Time 0.1s | Iter Loss 0.6868 | Iter Mean Loss 0.6863
2023-12-15 18:08:23,829 - root - INFO - KG & CF Training: Epoch 0009 Iter 0024 / 0041 | Time 0.1s | Iter Loss 0.6734 | Iter Mean Loss 0.6858
2023-12-15 18:08:23,947 - root - INFO - KG & CF Training: Epoch 0009 Iter 0025 / 0041 | Time 0.1s | Iter Loss 0.6726 | Iter Mean Loss 0.6853
2023-12-15 18:08:24,067 - root - INFO - KG & CF Training: Epoch 0009 Iter 0026 / 0041 | Time 0.1s | Iter Loss 0.6715 | Iter Mean Loss 0.6847
2023-12-15 18:08:24,185 - root - INFO - KG & CF Training: Epoch 0009 Iter 0027 / 0041 | Time 0.1s | Iter Loss 0.6804 | Iter Mean Loss 0.6846
2023-12-15 18:08:24,304 - root - INFO - KG & CF Training: Epoch 0009 Iter 0028 / 0041 | Time 0.1s | Iter Loss 0.6710 | Iter Mean Loss 0.6841
2023-12-15 18:08:24,423 - root - INFO - KG & CF Training: Epoch 0009 Iter 0029 / 0041 | Time 0.1s | Iter Loss 0.6762 | Iter Mean Loss 0.6838
2023-12-15 18:08:24,540 - root - INFO - KG & CF Training: Epoch 0009 Iter 0030 / 0041 | Time 0.1s | Iter Loss 0.6762 | Iter Mean Loss 0.6836
2023-12-15 18:08:24,660 - root - INFO - KG & CF Training: Epoch 0009 Iter 0031 / 0041 | Time 0.1s | Iter Loss 0.6813 | Iter Mean Loss 0.6835
2023-12-15 18:08:24,778 - root - INFO - KG & CF Training: Epoch 0009 Iter 0032 / 0041 | Time 0.1s | Iter Loss 0.6659 | Iter Mean Loss 0.6829
2023-12-15 18:08:24,896 - root - INFO - KG & CF Training: Epoch 0009 Iter 0033 / 0041 | Time 0.1s | Iter Loss 0.6748 | Iter Mean Loss 0.6827
2023-12-15 18:08:25,014 - root - INFO - KG & CF Training: Epoch 0009 Iter 0034 / 0041 | Time 0.1s | Iter Loss 0.6691 | Iter Mean Loss 0.6823
2023-12-15 18:08:25,133 - root - INFO - KG & CF Training: Epoch 0009 Iter 0035 / 0041 | Time 0.1s | Iter Loss 0.6658 | Iter Mean Loss 0.6818
2023-12-15 18:08:25,250 - root - INFO - KG & CF Training: Epoch 0009 Iter 0036 / 0041 | Time 0.1s | Iter Loss 0.6711 | Iter Mean Loss 0.6815
2023-12-15 18:08:25,368 - root - INFO - KG & CF Training: Epoch 0009 Iter 0037 / 0041 | Time 0.1s | Iter Loss 0.6657 | Iter Mean Loss 0.6811
2023-12-15 18:08:25,488 - root - INFO - KG & CF Training: Epoch 0009 Iter 0038 / 0041 | Time 0.1s | Iter Loss 0.6697 | Iter Mean Loss 0.6808
2023-12-15 18:08:25,607 - root - INFO - KG & CF Training: Epoch 0009 Iter 0039 / 0041 | Time 0.1s | Iter Loss 0.6754 | Iter Mean Loss 0.6807
2023-12-15 18:08:25,726 - root - INFO - KG & CF Training: Epoch 0009 Iter 0040 / 0041 | Time 0.1s | Iter Loss 0.6659 | Iter Mean Loss 0.6803
2023-12-15 18:08:25,845 - root - INFO - KG & CF Training: Epoch 0009 Iter 0041 / 0041 | Time 0.1s | Iter Loss 0.6551 | Iter Mean Loss 0.6797
2023-12-15 18:08:25,846 - root - INFO - KG & CF Training: Epoch 0009 Total Iter 0041 | Total Time 4.9s | Iter Mean Loss 0.6797
2023-12-15 18:08:25,971 - root - INFO - KG & CF Training: Epoch 0010 Iter 0001 / 0041 | Time 0.1s | Iter Loss 0.6644 | Iter Mean Loss 0.6644
2023-12-15 18:08:26,091 - root - INFO - KG & CF Training: Epoch 0010 Iter 0002 / 0041 | Time 0.1s | Iter Loss 0.6613 | Iter Mean Loss 0.6629
2023-12-15 18:08:26,208 - root - INFO - KG & CF Training: Epoch 0010 Iter 0003 / 0041 | Time 0.1s | Iter Loss 0.6587 | Iter Mean Loss 0.6615
2023-12-15 18:08:26,326 - root - INFO - KG & CF Training: Epoch 0010 Iter 0004 / 0041 | Time 0.1s | Iter Loss 0.6550 | Iter Mean Loss 0.6599
2023-12-15 18:08:26,446 - root - INFO - KG & CF Training: Epoch 0010 Iter 0005 / 0041 | Time 0.1s | Iter Loss 0.6647 | Iter Mean Loss 0.6608
2023-12-15 18:08:26,565 - root - INFO - KG & CF Training: Epoch 0010 Iter 0006 / 0041 | Time 0.1s | Iter Loss 0.6526 | Iter Mean Loss 0.6595
2023-12-15 18:08:26,684 - root - INFO - KG & CF Training: Epoch 0010 Iter 0007 / 0041 | Time 0.1s | Iter Loss 0.6599 | Iter Mean Loss 0.6595
2023-12-15 18:08:26,803 - root - INFO - KG & CF Training: Epoch 0010 Iter 0008 / 0041 | Time 0.1s | Iter Loss 0.6598 | Iter Mean Loss 0.6596
2023-12-15 18:08:26,925 - root - INFO - KG & CF Training: Epoch 0010 Iter 0009 / 0041 | Time 0.1s | Iter Loss 0.6608 | Iter Mean Loss 0.6597
2023-12-15 18:08:27,043 - root - INFO - KG & CF Training: Epoch 0010 Iter 0010 / 0041 | Time 0.1s | Iter Loss 0.6581 | Iter Mean Loss 0.6595
2023-12-15 18:08:27,162 - root - INFO - KG & CF Training: Epoch 0010 Iter 0011 / 0041 | Time 0.1s | Iter Loss 0.6586 | Iter Mean Loss 0.6594
2023-12-15 18:08:27,282 - root - INFO - KG & CF Training: Epoch 0010 Iter 0012 / 0041 | Time 0.1s | Iter Loss 0.6527 | Iter Mean Loss 0.6589
2023-12-15 18:08:27,399 - root - INFO - KG & CF Training: Epoch 0010 Iter 0013 / 0041 | Time 0.1s | Iter Loss 0.6472 | Iter Mean Loss 0.6580
2023-12-15 18:08:27,516 - root - INFO - KG & CF Training: Epoch 0010 Iter 0014 / 0041 | Time 0.1s | Iter Loss 0.6530 | Iter Mean Loss 0.6576
2023-12-15 18:08:27,634 - root - INFO - KG & CF Training: Epoch 0010 Iter 0015 / 0041 | Time 0.1s | Iter Loss 0.6525 | Iter Mean Loss 0.6573
2023-12-15 18:08:27,752 - root - INFO - KG & CF Training: Epoch 0010 Iter 0016 / 0041 | Time 0.1s | Iter Loss 0.6563 | Iter Mean Loss 0.6572
2023-12-15 18:08:27,871 - root - INFO - KG & CF Training: Epoch 0010 Iter 0017 / 0041 | Time 0.1s | Iter Loss 0.6469 | Iter Mean Loss 0.6566
2023-12-15 18:08:27,988 - root - INFO - KG & CF Training: Epoch 0010 Iter 0018 / 0041 | Time 0.1s | Iter Loss 0.6508 | Iter Mean Loss 0.6563
2023-12-15 18:08:28,106 - root - INFO - KG & CF Training: Epoch 0010 Iter 0019 / 0041 | Time 0.1s | Iter Loss 0.6487 | Iter Mean Loss 0.6559
2023-12-15 18:08:28,224 - root - INFO - KG & CF Training: Epoch 0010 Iter 0020 / 0041 | Time 0.1s | Iter Loss 0.6433 | Iter Mean Loss 0.6553
2023-12-15 18:08:28,344 - root - INFO - KG & CF Training: Epoch 0010 Iter 0021 / 0041 | Time 0.1s | Iter Loss 0.6372 | Iter Mean Loss 0.6544
2023-12-15 18:08:28,462 - root - INFO - KG & CF Training: Epoch 0010 Iter 0022 / 0041 | Time 0.1s | Iter Loss 0.6510 | Iter Mean Loss 0.6543
2023-12-15 18:08:28,581 - root - INFO - KG & CF Training: Epoch 0010 Iter 0023 / 0041 | Time 0.1s | Iter Loss 0.6411 | Iter Mean Loss 0.6537
2023-12-15 18:08:28,698 - root - INFO - KG & CF Training: Epoch 0010 Iter 0024 / 0041 | Time 0.1s | Iter Loss 0.6544 | Iter Mean Loss 0.6537
2023-12-15 18:08:28,823 - root - INFO - KG & CF Training: Epoch 0010 Iter 0025 / 0041 | Time 0.1s | Iter Loss 0.6392 | Iter Mean Loss 0.6531
2023-12-15 18:08:28,946 - root - INFO - KG & CF Training: Epoch 0010 Iter 0026 / 0041 | Time 0.1s | Iter Loss 0.6445 | Iter Mean Loss 0.6528
2023-12-15 18:08:29,064 - root - INFO - KG & CF Training: Epoch 0010 Iter 0027 / 0041 | Time 0.1s | Iter Loss 0.6377 | Iter Mean Loss 0.6522
2023-12-15 18:08:29,181 - root - INFO - KG & CF Training: Epoch 0010 Iter 0028 / 0041 | Time 0.1s | Iter Loss 0.6444 | Iter Mean Loss 0.6520
2023-12-15 18:08:29,299 - root - INFO - KG & CF Training: Epoch 0010 Iter 0029 / 0041 | Time 0.1s | Iter Loss 0.6460 | Iter Mean Loss 0.6518
2023-12-15 18:08:29,421 - root - INFO - KG & CF Training: Epoch 0010 Iter 0030 / 0041 | Time 0.1s | Iter Loss 0.6394 | Iter Mean Loss 0.6513
2023-12-15 18:08:29,541 - root - INFO - KG & CF Training: Epoch 0010 Iter 0031 / 0041 | Time 0.1s | Iter Loss 0.6432 | Iter Mean Loss 0.6511
2023-12-15 18:08:29,658 - root - INFO - KG & CF Training: Epoch 0010 Iter 0032 / 0041 | Time 0.1s | Iter Loss 0.6334 | Iter Mean Loss 0.6505
2023-12-15 18:08:29,778 - root - INFO - KG & CF Training: Epoch 0010 Iter 0033 / 0041 | Time 0.1s | Iter Loss 0.6375 | Iter Mean Loss 0.6501
2023-12-15 18:08:29,896 - root - INFO - KG & CF Training: Epoch 0010 Iter 0034 / 0041 | Time 0.1s | Iter Loss 0.6310 | Iter Mean Loss 0.6496
2023-12-15 18:08:30,014 - root - INFO - KG & CF Training: Epoch 0010 Iter 0035 / 0041 | Time 0.1s | Iter Loss 0.6277 | Iter Mean Loss 0.6489
2023-12-15 18:08:30,132 - root - INFO - KG & CF Training: Epoch 0010 Iter 0036 / 0041 | Time 0.1s | Iter Loss 0.6280 | Iter Mean Loss 0.6484
2023-12-15 18:08:30,251 - root - INFO - KG & CF Training: Epoch 0010 Iter 0037 / 0041 | Time 0.1s | Iter Loss 0.6386 | Iter Mean Loss 0.6481
2023-12-15 18:08:30,369 - root - INFO - KG & CF Training: Epoch 0010 Iter 0038 / 0041 | Time 0.1s | Iter Loss 0.6344 | Iter Mean Loss 0.6477
2023-12-15 18:08:30,487 - root - INFO - KG & CF Training: Epoch 0010 Iter 0039 / 0041 | Time 0.1s | Iter Loss 0.6288 | Iter Mean Loss 0.6473
2023-12-15 18:08:30,605 - root - INFO - KG & CF Training: Epoch 0010 Iter 0040 / 0041 | Time 0.1s | Iter Loss 0.6394 | Iter Mean Loss 0.6471
2023-12-15 18:08:30,722 - root - INFO - KG & CF Training: Epoch 0010 Iter 0041 / 0041 | Time 0.1s | Iter Loss 0.6387 | Iter Mean Loss 0.6469
2023-12-15 18:08:30,723 - root - INFO - KG & CF Training: Epoch 0010 Total Iter 0041 | Total Time 4.9s | Iter Mean Loss 0.6469
